The system is: Linux - 4.18.0-305.12.1.el8_4.x86_64 - x86_64
Compiling the C compiler identification source file "CMakeCCompilerId.c" succeeded.
Compiler: /apps/antwerpen/zen2/rocky8/GCCcore/11.3.0/bin/cc 
Build flags: 
Id flags:  

The output was:
0


Compilation of the C compiler identification source "CMakeCCompilerId.c" produced "a.out"

The C compiler identification is GNU, found in "/user/antwerpen/201/vsc20170/vsc_data/xthi/build/CMakeFiles/3.20.2/CompilerIdC/a.out"

Detecting C compiler ABI info compiled with the following output:
Change Dir: /user/antwerpen/201/vsc20170/vsc_data/xthi/build/CMakeFiles/CMakeTmp

Run Build Command(s):/usr/bin/gmake -f Makefile cmTC_2d983/fast && /usr/bin/gmake  -f CMakeFiles/cmTC_2d983.dir/build.make CMakeFiles/cmTC_2d983.dir/build
gmake[1]: Entering directory '/data/antwerpen/201/vsc20170/xthi/build/CMakeFiles/CMakeTmp'
Building C object CMakeFiles/cmTC_2d983.dir/CMakeCCompilerABI.c.o
/apps/antwerpen/zen2/rocky8/GCCcore/11.3.0/bin/cc   -v -o CMakeFiles/cmTC_2d983.dir/CMakeCCompilerABI.c.o -c /usr/share/cmake/Modules/CMakeCCompilerABI.c
Using built-in specs.
COLLECT_GCC=/apps/antwerpen/zen2/rocky8/GCCcore/11.3.0/bin/cc
OFFLOAD_TARGET_NAMES=nvptx-none
Target: x86_64-pc-linux-gnu
Configured with: ../configure --enable-languages=c,c++,fortran --without-cuda-driver --enable-offload-targets=nvptx-none --enable-lto --enable-checking=release --disable-multilib --enable-shared=yes --enable-static=yes --enable-threads=posix --enable-plugins --enable-gold --enable-ld=default --prefix=/apps/antwerpen/zen2/rocky8/GCCcore/11.3.0 --with-local-prefix=/apps/antwerpen/zen2/rocky8/GCCcore/11.3.0 --enable-bootstrap --with-isl=/dev/shm/vsc20001/GCCcore/11.3.0/system-system/gcc-11.3.0/stage2_stuff --build=x86_64-pc-linux-gnu --host=x86_64-pc-linux-gnu
Thread model: posix
Supported LTO compression algorithms: zlib
gcc version 11.3.0 (GCC) 
COLLECT_GCC_OPTIONS='-v' '-o' 'CMakeFiles/cmTC_2d983.dir/CMakeCCompilerABI.c.o' '-c' '-mtune=generic' '-march=x86-64' '-dumpdir' 'CMakeFiles/cmTC_2d983.dir/'
 /apps/antwerpen/zen2/rocky8/GCCcore/11.3.0/libexec/gcc/x86_64-pc-linux-gnu/11.3.0/cc1 -quiet -v /usr/share/cmake/Modules/CMakeCCompilerABI.c -quiet -dumpdir CMakeFiles/cmTC_2d983.dir/ -dumpbase CMakeCCompilerABI.c.c -dumpbase-ext .c -mtune=generic -march=x86-64 -version -o /tmp/cc2guc9k.s
GNU C17 (GCC) version 11.3.0 (x86_64-pc-linux-gnu)
	compiled by GNU C version 11.3.0, GMP version 6.2.1, MPFR version 4.1.0, MPC version 1.2.1, isl version isl-0.24-GMP

GGC heuristics: --param ggc-min-expand=100 --param ggc-min-heapsize=131072
ignoring nonexistent directory "/apps/antwerpen/zen2/rocky8/GCCcore/11.3.0/lib/gcc/x86_64-pc-linux-gnu/11.3.0/include-fixed"
ignoring nonexistent directory "/apps/antwerpen/zen2/rocky8/GCCcore/11.3.0/lib/gcc/x86_64-pc-linux-gnu/11.3.0/../../../../x86_64-pc-linux-gnu/include"
#include "..." search starts here:
#include <...> search starts here:
 /apps/antwerpen/zen2/rocky8/imkl/2022.1.0/mkl/2022.1.0/include/fftw
 /apps/antwerpen/zen2/rocky8/imkl/2022.1.0/mkl/2022.1.0/include
 /apps/antwerpen/zen2/rocky8/impi/2021.6.0-intel-compilers-2022.1.0/mpi/2021.6.0/include
 /apps/antwerpen/zen2/rocky8/UCX/1.12.1-GCCcore-11.3.0/include
 /apps/antwerpen/zen2/rocky8/numactl/2.0.14-GCCcore-11.3.0/include
 /apps/antwerpen/zen2/rocky8/intel-compilers/2022.1.0/tbb/2021.6.0/include
 /apps/antwerpen/zen2/rocky8/binutils/2.38-GCCcore-11.3.0/include
 /apps/antwerpen/zen2/rocky8/zlib/1.2.12-GCCcore-11.3.0/include
 /apps/antwerpen/zen2/rocky8/GCCcore/11.3.0/lib/gcc/x86_64-pc-linux-gnu/11.3.0/include
 /apps/antwerpen/zen2/rocky8/GCCcore/11.3.0/include
 /usr/include
End of search list.
GNU C17 (GCC) version 11.3.0 (x86_64-pc-linux-gnu)
	compiled by GNU C version 11.3.0, GMP version 6.2.1, MPFR version 4.1.0, MPC version 1.2.1, isl version isl-0.24-GMP

GGC heuristics: --param ggc-min-expand=100 --param ggc-min-heapsize=131072
Compiler executable checksum: 325a18a7006b63f5ff77254c2e6fa4e9
COLLECT_GCC_OPTIONS='-v' '-o' 'CMakeFiles/cmTC_2d983.dir/CMakeCCompilerABI.c.o' '-c' '-mtune=generic' '-march=x86-64' '-dumpdir' 'CMakeFiles/cmTC_2d983.dir/'
 as -v --64 -o CMakeFiles/cmTC_2d983.dir/CMakeCCompilerABI.c.o /tmp/cc2guc9k.s
GNU assembler version 2.38 (x86_64-pc-linux-gnu) using BFD version (GNU Binutils) 2.38
COMPILER_PATH=/apps/antwerpen/zen2/rocky8/GCCcore/11.3.0/libexec/gcc/x86_64-pc-linux-gnu/11.3.0/:/apps/antwerpen/zen2/rocky8/GCCcore/11.3.0/libexec/gcc/x86_64-pc-linux-gnu/11.3.0/:/apps/antwerpen/zen2/rocky8/GCCcore/11.3.0/libexec/gcc/x86_64-pc-linux-gnu/:/apps/antwerpen/zen2/rocky8/GCCcore/11.3.0/lib/gcc/x86_64-pc-linux-gnu/11.3.0/:/apps/antwerpen/zen2/rocky8/GCCcore/11.3.0/lib/gcc/x86_64-pc-linux-gnu/
LIBRARY_PATH=/apps/antwerpen/zen2/rocky8/UCX/1.12.1-GCCcore-11.3.0/lib/../lib64/:/apps/antwerpen/zen2/rocky8/numactl/2.0.14-GCCcore-11.3.0/lib/../lib64/:/apps/antwerpen/zen2/rocky8/binutils/2.38-GCCcore-11.3.0/lib/../lib64/:/apps/antwerpen/zen2/rocky8/zlib/1.2.12-GCCcore-11.3.0/lib/../lib64/:/apps/antwerpen/zen2/rocky8/GCCcore/11.3.0/lib/gcc/x86_64-pc-linux-gnu/11.3.0/:/apps/antwerpen/zen2/rocky8/GCCcore/11.3.0/lib/gcc/x86_64-pc-linux-gnu/11.3.0/../../../../lib64/:/lib/../lib64/:/usr/lib/../lib64/:/apps/antwerpen/zen2/rocky8/imkl-FFTW/2022.1.0-iimpi-2022a/lib/:/apps/antwerpen/zen2/rocky8/imkl/2022.1.0/mkl/2022.1.0/lib/intel64/:/apps/antwerpen/zen2/rocky8/imkl/2022.1.0/compiler/2022.1.0/linux/compiler/lib/intel64_lin/:/apps/antwerpen/zen2/rocky8/impi/2021.6.0-intel-compilers-2022.1.0/mpi/2021.6.0/libfabric/lib/:/apps/antwerpen/zen2/rocky8/impi/2021.6.0-intel-compilers-2022.1.0/mpi/2021.6.0/lib/release/:/apps/antwerpen/zen2/rocky8/impi/2021.6.0-intel-compilers-2022.1.0/mpi/2021.6.0/lib/:/apps/antwerpen/zen2/rocky8/UCX/1.12.1-GCCcore-11.3.0/lib/:/apps/antwerpen/zen2/rocky8/numactl/2.0.14-GCCcore-11.3.0/lib/:/apps/antwerpen/zen2/rocky8/intel-compilers/2022.1.0/tbb/2021.6.0/lib/intel64/gcc4.8/:/apps/antwerpen/zen2/rocky8/intel-compilers/2022.1.0/compiler/2022.1.0/linux/compiler/lib/intel64_lin/:/apps/antwerpen/zen2/rocky8/intel-compilers/2022.1.0/compiler/2022.1.0/linux/lib/x64/:/apps/antwerpen/zen2/rocky8/intel-compilers/2022.1.0/compiler/2022.1.0/linux/lib/:/apps/antwerpen/zen2/rocky8/binutils/2.38-GCCcore-11.3.0/lib/:/apps/antwerpen/zen2/rocky8/zlib/1.2.12-GCCcore-11.3.0/lib/:/apps/antwerpen/zen2/rocky8/GCCcore/11.3.0/lib/gcc/x86_64-pc-linux-gnu/11.3.0/../../../:/lib/:/usr/lib/
COLLECT_GCC_OPTIONS='-v' '-o' 'CMakeFiles/cmTC_2d983.dir/CMakeCCompilerABI.c.o' '-c' '-mtune=generic' '-march=x86-64' '-dumpdir' 'CMakeFiles/cmTC_2d983.dir/CMakeCCompilerABI.c.'
Linking C executable cmTC_2d983
/usr/bin/cmake -E cmake_link_script CMakeFiles/cmTC_2d983.dir/link.txt --verbose=1
/apps/antwerpen/zen2/rocky8/GCCcore/11.3.0/bin/cc  -v CMakeFiles/cmTC_2d983.dir/CMakeCCompilerABI.c.o -o cmTC_2d983 
Using built-in specs.
COLLECT_GCC=/apps/antwerpen/zen2/rocky8/GCCcore/11.3.0/bin/cc
COLLECT_LTO_WRAPPER=/apps/antwerpen/zen2/rocky8/GCCcore/11.3.0/libexec/gcc/x86_64-pc-linux-gnu/11.3.0/lto-wrapper
OFFLOAD_TARGET_NAMES=nvptx-none
Target: x86_64-pc-linux-gnu
Configured with: ../configure --enable-languages=c,c++,fortran --without-cuda-driver --enable-offload-targets=nvptx-none --enable-lto --enable-checking=release --disable-multilib --enable-shared=yes --enable-static=yes --enable-threads=posix --enable-plugins --enable-gold --enable-ld=default --prefix=/apps/antwerpen/zen2/rocky8/GCCcore/11.3.0 --with-local-prefix=/apps/antwerpen/zen2/rocky8/GCCcore/11.3.0 --enable-bootstrap --with-isl=/dev/shm/vsc20001/GCCcore/11.3.0/system-system/gcc-11.3.0/stage2_stuff --build=x86_64-pc-linux-gnu --host=x86_64-pc-linux-gnu
Thread model: posix
Supported LTO compression algorithms: zlib
gcc version 11.3.0 (GCC) 
COMPILER_PATH=/apps/antwerpen/zen2/rocky8/GCCcore/11.3.0/libexec/gcc/x86_64-pc-linux-gnu/11.3.0/:/apps/antwerpen/zen2/rocky8/GCCcore/11.3.0/libexec/gcc/x86_64-pc-linux-gnu/11.3.0/:/apps/antwerpen/zen2/rocky8/GCCcore/11.3.0/libexec/gcc/x86_64-pc-linux-gnu/:/apps/antwerpen/zen2/rocky8/GCCcore/11.3.0/lib/gcc/x86_64-pc-linux-gnu/11.3.0/:/apps/antwerpen/zen2/rocky8/GCCcore/11.3.0/lib/gcc/x86_64-pc-linux-gnu/
LIBRARY_PATH=/apps/antwerpen/zen2/rocky8/UCX/1.12.1-GCCcore-11.3.0/lib/../lib64/:/apps/antwerpen/zen2/rocky8/numactl/2.0.14-GCCcore-11.3.0/lib/../lib64/:/apps/antwerpen/zen2/rocky8/binutils/2.38-GCCcore-11.3.0/lib/../lib64/:/apps/antwerpen/zen2/rocky8/zlib/1.2.12-GCCcore-11.3.0/lib/../lib64/:/apps/antwerpen/zen2/rocky8/GCCcore/11.3.0/lib/gcc/x86_64-pc-linux-gnu/11.3.0/:/apps/antwerpen/zen2/rocky8/GCCcore/11.3.0/lib/gcc/x86_64-pc-linux-gnu/11.3.0/../../../../lib64/:/lib/../lib64/:/usr/lib/../lib64/:/apps/antwerpen/zen2/rocky8/imkl-FFTW/2022.1.0-iimpi-2022a/lib/:/apps/antwerpen/zen2/rocky8/imkl/2022.1.0/mkl/2022.1.0/lib/intel64/:/apps/antwerpen/zen2/rocky8/imkl/2022.1.0/compiler/2022.1.0/linux/compiler/lib/intel64_lin/:/apps/antwerpen/zen2/rocky8/impi/2021.6.0-intel-compilers-2022.1.0/mpi/2021.6.0/libfabric/lib/:/apps/antwerpen/zen2/rocky8/impi/2021.6.0-intel-compilers-2022.1.0/mpi/2021.6.0/lib/release/:/apps/antwerpen/zen2/rocky8/impi/2021.6.0-intel-compilers-2022.1.0/mpi/2021.6.0/lib/:/apps/antwerpen/zen2/rocky8/UCX/1.12.1-GCCcore-11.3.0/lib/:/apps/antwerpen/zen2/rocky8/numactl/2.0.14-GCCcore-11.3.0/lib/:/apps/antwerpen/zen2/rocky8/intel-compilers/2022.1.0/tbb/2021.6.0/lib/intel64/gcc4.8/:/apps/antwerpen/zen2/rocky8/intel-compilers/2022.1.0/compiler/2022.1.0/linux/compiler/lib/intel64_lin/:/apps/antwerpen/zen2/rocky8/intel-compilers/2022.1.0/compiler/2022.1.0/linux/lib/x64/:/apps/antwerpen/zen2/rocky8/intel-compilers/2022.1.0/compiler/2022.1.0/linux/lib/:/apps/antwerpen/zen2/rocky8/binutils/2.38-GCCcore-11.3.0/lib/:/apps/antwerpen/zen2/rocky8/zlib/1.2.12-GCCcore-11.3.0/lib/:/apps/antwerpen/zen2/rocky8/GCCcore/11.3.0/lib/gcc/x86_64-pc-linux-gnu/11.3.0/../../../:/lib/:/usr/lib/
COLLECT_GCC_OPTIONS='-v' '-o' 'cmTC_2d983' '-mtune=generic' '-march=x86-64' '-dumpdir' 'cmTC_2d983.'
 /apps/antwerpen/zen2/rocky8/GCCcore/11.3.0/libexec/gcc/x86_64-pc-linux-gnu/11.3.0/collect2 -plugin /apps/antwerpen/zen2/rocky8/GCCcore/11.3.0/libexec/gcc/x86_64-pc-linux-gnu/11.3.0/liblto_plugin.so -plugin-opt=/apps/antwerpen/zen2/rocky8/GCCcore/11.3.0/libexec/gcc/x86_64-pc-linux-gnu/11.3.0/lto-wrapper -plugin-opt=-fresolution=/tmp/ccFWi4TX.res -plugin-opt=-pass-through=-lgcc -plugin-opt=-pass-through=-lgcc_s -plugin-opt=-pass-through=-lc -plugin-opt=-pass-through=-lgcc -plugin-opt=-pass-through=-lgcc_s --eh-frame-hdr -m elf_x86_64 -dynamic-linker /lib64/ld-linux-x86-64.so.2 -o cmTC_2d983 /lib/../lib64/crt1.o /lib/../lib64/crti.o /apps/antwerpen/zen2/rocky8/GCCcore/11.3.0/lib/gcc/x86_64-pc-linux-gnu/11.3.0/crtbegin.o -L/apps/antwerpen/zen2/rocky8/UCX/1.12.1-GCCcore-11.3.0/lib/../lib64 -L/apps/antwerpen/zen2/rocky8/numactl/2.0.14-GCCcore-11.3.0/lib/../lib64 -L/apps/antwerpen/zen2/rocky8/binutils/2.38-GCCcore-11.3.0/lib/../lib64 -L/apps/antwerpen/zen2/rocky8/zlib/1.2.12-GCCcore-11.3.0/lib/../lib64 -L/apps/antwerpen/zen2/rocky8/GCCcore/11.3.0/lib/gcc/x86_64-pc-linux-gnu/11.3.0 -L/apps/antwerpen/zen2/rocky8/GCCcore/11.3.0/lib/gcc/x86_64-pc-linux-gnu/11.3.0/../../../../lib64 -L/lib/../lib64 -L/usr/lib/../lib64 -L/apps/antwerpen/zen2/rocky8/imkl-FFTW/2022.1.0-iimpi-2022a/lib -L/apps/antwerpen/zen2/rocky8/imkl/2022.1.0/mkl/2022.1.0/lib/intel64 -L/apps/antwerpen/zen2/rocky8/imkl/2022.1.0/compiler/2022.1.0/linux/compiler/lib/intel64_lin -L/apps/antwerpen/zen2/rocky8/impi/2021.6.0-intel-compilers-2022.1.0/mpi/2021.6.0/libfabric/lib -L/apps/antwerpen/zen2/rocky8/impi/2021.6.0-intel-compilers-2022.1.0/mpi/2021.6.0/lib/release -L/apps/antwerpen/zen2/rocky8/impi/2021.6.0-intel-compilers-2022.1.0/mpi/2021.6.0/lib -L/apps/antwerpen/zen2/rocky8/UCX/1.12.1-GCCcore-11.3.0/lib -L/apps/antwerpen/zen2/rocky8/numactl/2.0.14-GCCcore-11.3.0/lib -L/apps/antwerpen/zen2/rocky8/intel-compilers/2022.1.0/tbb/2021.6.0/lib/intel64/gcc4.8 -L/apps/antwerpen/zen2/rocky8/intel-compilers/2022.1.0/compiler/2022.1.0/linux/compiler/lib/intel64_lin -L/apps/antwerpen/zen2/rocky8/intel-compilers/2022.1.0/compiler/2022.1.0/linux/lib/x64 -L/apps/antwerpen/zen2/rocky8/intel-compilers/2022.1.0/compiler/2022.1.0/linux/lib -L/apps/antwerpen/zen2/rocky8/binutils/2.38-GCCcore-11.3.0/lib -L/apps/antwerpen/zen2/rocky8/zlib/1.2.12-GCCcore-11.3.0/lib -L/apps/antwerpen/zen2/rocky8/GCCcore/11.3.0/lib/gcc/x86_64-pc-linux-gnu/11.3.0/../../.. CMakeFiles/cmTC_2d983.dir/CMakeCCompilerABI.c.o -lgcc --push-state --as-needed -lgcc_s --pop-state -lc -lgcc --push-state --as-needed -lgcc_s --pop-state /apps/antwerpen/zen2/rocky8/GCCcore/11.3.0/lib/gcc/x86_64-pc-linux-gnu/11.3.0/crtend.o /lib/../lib64/crtn.o
COLLECT_GCC_OPTIONS='-v' '-o' 'cmTC_2d983' '-mtune=generic' '-march=x86-64' '-dumpdir' 'cmTC_2d983.'
gmake[1]: Leaving directory '/data/antwerpen/201/vsc20170/xthi/build/CMakeFiles/CMakeTmp'



Parsed C implicit include dir info from above output: rv=done
  found start of include info
  found start of implicit include info
    add: [/apps/antwerpen/zen2/rocky8/imkl/2022.1.0/mkl/2022.1.0/include/fftw]
    add: [/apps/antwerpen/zen2/rocky8/imkl/2022.1.0/mkl/2022.1.0/include]
    add: [/apps/antwerpen/zen2/rocky8/impi/2021.6.0-intel-compilers-2022.1.0/mpi/2021.6.0/include]
    add: [/apps/antwerpen/zen2/rocky8/UCX/1.12.1-GCCcore-11.3.0/include]
    add: [/apps/antwerpen/zen2/rocky8/numactl/2.0.14-GCCcore-11.3.0/include]
    add: [/apps/antwerpen/zen2/rocky8/intel-compilers/2022.1.0/tbb/2021.6.0/include]
    add: [/apps/antwerpen/zen2/rocky8/binutils/2.38-GCCcore-11.3.0/include]
    add: [/apps/antwerpen/zen2/rocky8/zlib/1.2.12-GCCcore-11.3.0/include]
    add: [/apps/antwerpen/zen2/rocky8/GCCcore/11.3.0/lib/gcc/x86_64-pc-linux-gnu/11.3.0/include]
    add: [/apps/antwerpen/zen2/rocky8/GCCcore/11.3.0/include]
    add: [/usr/include]
  end of search list found
  collapse include dir [/apps/antwerpen/zen2/rocky8/imkl/2022.1.0/mkl/2022.1.0/include/fftw] ==> [/apps/antwerpen/zen2/rocky8/imkl/2022.1.0/mkl/2022.1.0/include/fftw]
  collapse include dir [/apps/antwerpen/zen2/rocky8/imkl/2022.1.0/mkl/2022.1.0/include] ==> [/apps/antwerpen/zen2/rocky8/imkl/2022.1.0/mkl/2022.1.0/include]
  collapse include dir [/apps/antwerpen/zen2/rocky8/impi/2021.6.0-intel-compilers-2022.1.0/mpi/2021.6.0/include] ==> [/apps/antwerpen/zen2/rocky8/impi/2021.6.0-intel-compilers-2022.1.0/mpi/2021.6.0/include]
  collapse include dir [/apps/antwerpen/zen2/rocky8/UCX/1.12.1-GCCcore-11.3.0/include] ==> [/apps/antwerpen/zen2/rocky8/UCX/1.12.1-GCCcore-11.3.0/include]
  collapse include dir [/apps/antwerpen/zen2/rocky8/numactl/2.0.14-GCCcore-11.3.0/include] ==> [/apps/antwerpen/zen2/rocky8/numactl/2.0.14-GCCcore-11.3.0/include]
  collapse include dir [/apps/antwerpen/zen2/rocky8/intel-compilers/2022.1.0/tbb/2021.6.0/include] ==> [/apps/antwerpen/zen2/rocky8/intel-compilers/2022.1.0/tbb/2021.6.0/include]
  collapse include dir [/apps/antwerpen/zen2/rocky8/binutils/2.38-GCCcore-11.3.0/include] ==> [/apps/antwerpen/zen2/rocky8/binutils/2.38-GCCcore-11.3.0/include]
  collapse include dir [/apps/antwerpen/zen2/rocky8/zlib/1.2.12-GCCcore-11.3.0/include] ==> [/apps/antwerpen/zen2/rocky8/zlib/1.2.12-GCCcore-11.3.0/include]
  collapse include dir [/apps/antwerpen/zen2/rocky8/GCCcore/11.3.0/lib/gcc/x86_64-pc-linux-gnu/11.3.0/include] ==> [/apps/antwerpen/zen2/rocky8/GCCcore/11.3.0/lib/gcc/x86_64-pc-linux-gnu/11.3.0/include]
  collapse include dir [/apps/antwerpen/zen2/rocky8/GCCcore/11.3.0/include] ==> [/apps/antwerpen/zen2/rocky8/GCCcore/11.3.0/include]
  collapse include dir [/usr/include] ==> [/usr/include]
  implicit include dirs: [/apps/antwerpen/zen2/rocky8/imkl/2022.1.0/mkl/2022.1.0/include/fftw;/apps/antwerpen/zen2/rocky8/imkl/2022.1.0/mkl/2022.1.0/include;/apps/antwerpen/zen2/rocky8/impi/2021.6.0-intel-compilers-2022.1.0/mpi/2021.6.0/include;/apps/antwerpen/zen2/rocky8/UCX/1.12.1-GCCcore-11.3.0/include;/apps/antwerpen/zen2/rocky8/numactl/2.0.14-GCCcore-11.3.0/include;/apps/antwerpen/zen2/rocky8/intel-compilers/2022.1.0/tbb/2021.6.0/include;/apps/antwerpen/zen2/rocky8/binutils/2.38-GCCcore-11.3.0/include;/apps/antwerpen/zen2/rocky8/zlib/1.2.12-GCCcore-11.3.0/include;/apps/antwerpen/zen2/rocky8/GCCcore/11.3.0/lib/gcc/x86_64-pc-linux-gnu/11.3.0/include;/apps/antwerpen/zen2/rocky8/GCCcore/11.3.0/include;/usr/include]


Parsed C implicit link information from above output:
  link line regex: [^( *|.*[/\])(ld|CMAKE_LINK_STARTFILE-NOTFOUND|([^/\]+-)?ld|collect2)[^/\]*( |$)]
  ignore line: [Change Dir: /user/antwerpen/201/vsc20170/vsc_data/xthi/build/CMakeFiles/CMakeTmp]
  ignore line: []
  ignore line: [Run Build Command(s):/usr/bin/gmake -f Makefile cmTC_2d983/fast && /usr/bin/gmake  -f CMakeFiles/cmTC_2d983.dir/build.make CMakeFiles/cmTC_2d983.dir/build]
  ignore line: [gmake[1]: Entering directory '/data/antwerpen/201/vsc20170/xthi/build/CMakeFiles/CMakeTmp']
  ignore line: [Building C object CMakeFiles/cmTC_2d983.dir/CMakeCCompilerABI.c.o]
  ignore line: [/apps/antwerpen/zen2/rocky8/GCCcore/11.3.0/bin/cc   -v -o CMakeFiles/cmTC_2d983.dir/CMakeCCompilerABI.c.o -c /usr/share/cmake/Modules/CMakeCCompilerABI.c]
  ignore line: [Using built-in specs.]
  ignore line: [COLLECT_GCC=/apps/antwerpen/zen2/rocky8/GCCcore/11.3.0/bin/cc]
  ignore line: [OFFLOAD_TARGET_NAMES=nvptx-none]
  ignore line: [Target: x86_64-pc-linux-gnu]
  ignore line: [Configured with: ../configure --enable-languages=c,c++,fortran --without-cuda-driver --enable-offload-targets=nvptx-none --enable-lto --enable-checking=release --disable-multilib --enable-shared=yes --enable-static=yes --enable-threads=posix --enable-plugins --enable-gold --enable-ld=default --prefix=/apps/antwerpen/zen2/rocky8/GCCcore/11.3.0 --with-local-prefix=/apps/antwerpen/zen2/rocky8/GCCcore/11.3.0 --enable-bootstrap --with-isl=/dev/shm/vsc20001/GCCcore/11.3.0/system-system/gcc-11.3.0/stage2_stuff --build=x86_64-pc-linux-gnu --host=x86_64-pc-linux-gnu]
  ignore line: [Thread model: posix]
  ignore line: [Supported LTO compression algorithms: zlib]
  ignore line: [gcc version 11.3.0 (GCC) ]
  ignore line: [COLLECT_GCC_OPTIONS='-v' '-o' 'CMakeFiles/cmTC_2d983.dir/CMakeCCompilerABI.c.o' '-c' '-mtune=generic' '-march=x86-64' '-dumpdir' 'CMakeFiles/cmTC_2d983.dir/']
  ignore line: [ /apps/antwerpen/zen2/rocky8/GCCcore/11.3.0/libexec/gcc/x86_64-pc-linux-gnu/11.3.0/cc1 -quiet -v /usr/share/cmake/Modules/CMakeCCompilerABI.c -quiet -dumpdir CMakeFiles/cmTC_2d983.dir/ -dumpbase CMakeCCompilerABI.c.c -dumpbase-ext .c -mtune=generic -march=x86-64 -version -o /tmp/cc2guc9k.s]
  ignore line: [GNU C17 (GCC) version 11.3.0 (x86_64-pc-linux-gnu)]
  ignore line: [	compiled by GNU C version 11.3.0  GMP version 6.2.1  MPFR version 4.1.0  MPC version 1.2.1  isl version isl-0.24-GMP]
  ignore line: []
  ignore line: [GGC heuristics: --param ggc-min-expand=100 --param ggc-min-heapsize=131072]
  ignore line: [ignoring nonexistent directory "/apps/antwerpen/zen2/rocky8/GCCcore/11.3.0/lib/gcc/x86_64-pc-linux-gnu/11.3.0/include-fixed"]
  ignore line: [ignoring nonexistent directory "/apps/antwerpen/zen2/rocky8/GCCcore/11.3.0/lib/gcc/x86_64-pc-linux-gnu/11.3.0/../../../../x86_64-pc-linux-gnu/include"]
  ignore line: [#include "..." search starts here:]
  ignore line: [#include <...> search starts here:]
  ignore line: [ /apps/antwerpen/zen2/rocky8/imkl/2022.1.0/mkl/2022.1.0/include/fftw]
  ignore line: [ /apps/antwerpen/zen2/rocky8/imkl/2022.1.0/mkl/2022.1.0/include]
  ignore line: [ /apps/antwerpen/zen2/rocky8/impi/2021.6.0-intel-compilers-2022.1.0/mpi/2021.6.0/include]
  ignore line: [ /apps/antwerpen/zen2/rocky8/UCX/1.12.1-GCCcore-11.3.0/include]
  ignore line: [ /apps/antwerpen/zen2/rocky8/numactl/2.0.14-GCCcore-11.3.0/include]
  ignore line: [ /apps/antwerpen/zen2/rocky8/intel-compilers/2022.1.0/tbb/2021.6.0/include]
  ignore line: [ /apps/antwerpen/zen2/rocky8/binutils/2.38-GCCcore-11.3.0/include]
  ignore line: [ /apps/antwerpen/zen2/rocky8/zlib/1.2.12-GCCcore-11.3.0/include]
  ignore line: [ /apps/antwerpen/zen2/rocky8/GCCcore/11.3.0/lib/gcc/x86_64-pc-linux-gnu/11.3.0/include]
  ignore line: [ /apps/antwerpen/zen2/rocky8/GCCcore/11.3.0/include]
  ignore line: [ /usr/include]
  ignore line: [End of search list.]
  ignore line: [GNU C17 (GCC) version 11.3.0 (x86_64-pc-linux-gnu)]
  ignore line: [	compiled by GNU C version 11.3.0  GMP version 6.2.1  MPFR version 4.1.0  MPC version 1.2.1  isl version isl-0.24-GMP]
  ignore line: []
  ignore line: [GGC heuristics: --param ggc-min-expand=100 --param ggc-min-heapsize=131072]
  ignore line: [Compiler executable checksum: 325a18a7006b63f5ff77254c2e6fa4e9]
  ignore line: [COLLECT_GCC_OPTIONS='-v' '-o' 'CMakeFiles/cmTC_2d983.dir/CMakeCCompilerABI.c.o' '-c' '-mtune=generic' '-march=x86-64' '-dumpdir' 'CMakeFiles/cmTC_2d983.dir/']
  ignore line: [ as -v --64 -o CMakeFiles/cmTC_2d983.dir/CMakeCCompilerABI.c.o /tmp/cc2guc9k.s]
  ignore line: [GNU assembler version 2.38 (x86_64-pc-linux-gnu) using BFD version (GNU Binutils) 2.38]
  ignore line: [COMPILER_PATH=/apps/antwerpen/zen2/rocky8/GCCcore/11.3.0/libexec/gcc/x86_64-pc-linux-gnu/11.3.0/:/apps/antwerpen/zen2/rocky8/GCCcore/11.3.0/libexec/gcc/x86_64-pc-linux-gnu/11.3.0/:/apps/antwerpen/zen2/rocky8/GCCcore/11.3.0/libexec/gcc/x86_64-pc-linux-gnu/:/apps/antwerpen/zen2/rocky8/GCCcore/11.3.0/lib/gcc/x86_64-pc-linux-gnu/11.3.0/:/apps/antwerpen/zen2/rocky8/GCCcore/11.3.0/lib/gcc/x86_64-pc-linux-gnu/]
  ignore line: [LIBRARY_PATH=/apps/antwerpen/zen2/rocky8/UCX/1.12.1-GCCcore-11.3.0/lib/../lib64/:/apps/antwerpen/zen2/rocky8/numactl/2.0.14-GCCcore-11.3.0/lib/../lib64/:/apps/antwerpen/zen2/rocky8/binutils/2.38-GCCcore-11.3.0/lib/../lib64/:/apps/antwerpen/zen2/rocky8/zlib/1.2.12-GCCcore-11.3.0/lib/../lib64/:/apps/antwerpen/zen2/rocky8/GCCcore/11.3.0/lib/gcc/x86_64-pc-linux-gnu/11.3.0/:/apps/antwerpen/zen2/rocky8/GCCcore/11.3.0/lib/gcc/x86_64-pc-linux-gnu/11.3.0/../../../../lib64/:/lib/../lib64/:/usr/lib/../lib64/:/apps/antwerpen/zen2/rocky8/imkl-FFTW/2022.1.0-iimpi-2022a/lib/:/apps/antwerpen/zen2/rocky8/imkl/2022.1.0/mkl/2022.1.0/lib/intel64/:/apps/antwerpen/zen2/rocky8/imkl/2022.1.0/compiler/2022.1.0/linux/compiler/lib/intel64_lin/:/apps/antwerpen/zen2/rocky8/impi/2021.6.0-intel-compilers-2022.1.0/mpi/2021.6.0/libfabric/lib/:/apps/antwerpen/zen2/rocky8/impi/2021.6.0-intel-compilers-2022.1.0/mpi/2021.6.0/lib/release/:/apps/antwerpen/zen2/rocky8/impi/2021.6.0-intel-compilers-2022.1.0/mpi/2021.6.0/lib/:/apps/antwerpen/zen2/rocky8/UCX/1.12.1-GCCcore-11.3.0/lib/:/apps/antwerpen/zen2/rocky8/numactl/2.0.14-GCCcore-11.3.0/lib/:/apps/antwerpen/zen2/rocky8/intel-compilers/2022.1.0/tbb/2021.6.0/lib/intel64/gcc4.8/:/apps/antwerpen/zen2/rocky8/intel-compilers/2022.1.0/compiler/2022.1.0/linux/compiler/lib/intel64_lin/:/apps/antwerpen/zen2/rocky8/intel-compilers/2022.1.0/compiler/2022.1.0/linux/lib/x64/:/apps/antwerpen/zen2/rocky8/intel-compilers/2022.1.0/compiler/2022.1.0/linux/lib/:/apps/antwerpen/zen2/rocky8/binutils/2.38-GCCcore-11.3.0/lib/:/apps/antwerpen/zen2/rocky8/zlib/1.2.12-GCCcore-11.3.0/lib/:/apps/antwerpen/zen2/rocky8/GCCcore/11.3.0/lib/gcc/x86_64-pc-linux-gnu/11.3.0/../../../:/lib/:/usr/lib/]
  ignore line: [COLLECT_GCC_OPTIONS='-v' '-o' 'CMakeFiles/cmTC_2d983.dir/CMakeCCompilerABI.c.o' '-c' '-mtune=generic' '-march=x86-64' '-dumpdir' 'CMakeFiles/cmTC_2d983.dir/CMakeCCompilerABI.c.']
  ignore line: [Linking C executable cmTC_2d983]
  ignore line: [/usr/bin/cmake -E cmake_link_script CMakeFiles/cmTC_2d983.dir/link.txt --verbose=1]
  ignore line: [/apps/antwerpen/zen2/rocky8/GCCcore/11.3.0/bin/cc  -v CMakeFiles/cmTC_2d983.dir/CMakeCCompilerABI.c.o -o cmTC_2d983 ]
  ignore line: [Using built-in specs.]
  ignore line: [COLLECT_GCC=/apps/antwerpen/zen2/rocky8/GCCcore/11.3.0/bin/cc]
  ignore line: [COLLECT_LTO_WRAPPER=/apps/antwerpen/zen2/rocky8/GCCcore/11.3.0/libexec/gcc/x86_64-pc-linux-gnu/11.3.0/lto-wrapper]
  ignore line: [OFFLOAD_TARGET_NAMES=nvptx-none]
  ignore line: [Target: x86_64-pc-linux-gnu]
  ignore line: [Configured with: ../configure --enable-languages=c,c++,fortran --without-cuda-driver --enable-offload-targets=nvptx-none --enable-lto --enable-checking=release --disable-multilib --enable-shared=yes --enable-static=yes --enable-threads=posix --enable-plugins --enable-gold --enable-ld=default --prefix=/apps/antwerpen/zen2/rocky8/GCCcore/11.3.0 --with-local-prefix=/apps/antwerpen/zen2/rocky8/GCCcore/11.3.0 --enable-bootstrap --with-isl=/dev/shm/vsc20001/GCCcore/11.3.0/system-system/gcc-11.3.0/stage2_stuff --build=x86_64-pc-linux-gnu --host=x86_64-pc-linux-gnu]
  ignore line: [Thread model: posix]
  ignore line: [Supported LTO compression algorithms: zlib]
  ignore line: [gcc version 11.3.0 (GCC) ]
  ignore line: [COMPILER_PATH=/apps/antwerpen/zen2/rocky8/GCCcore/11.3.0/libexec/gcc/x86_64-pc-linux-gnu/11.3.0/:/apps/antwerpen/zen2/rocky8/GCCcore/11.3.0/libexec/gcc/x86_64-pc-linux-gnu/11.3.0/:/apps/antwerpen/zen2/rocky8/GCCcore/11.3.0/libexec/gcc/x86_64-pc-linux-gnu/:/apps/antwerpen/zen2/rocky8/GCCcore/11.3.0/lib/gcc/x86_64-pc-linux-gnu/11.3.0/:/apps/antwerpen/zen2/rocky8/GCCcore/11.3.0/lib/gcc/x86_64-pc-linux-gnu/]
  ignore line: [LIBRARY_PATH=/apps/antwerpen/zen2/rocky8/UCX/1.12.1-GCCcore-11.3.0/lib/../lib64/:/apps/antwerpen/zen2/rocky8/numactl/2.0.14-GCCcore-11.3.0/lib/../lib64/:/apps/antwerpen/zen2/rocky8/binutils/2.38-GCCcore-11.3.0/lib/../lib64/:/apps/antwerpen/zen2/rocky8/zlib/1.2.12-GCCcore-11.3.0/lib/../lib64/:/apps/antwerpen/zen2/rocky8/GCCcore/11.3.0/lib/gcc/x86_64-pc-linux-gnu/11.3.0/:/apps/antwerpen/zen2/rocky8/GCCcore/11.3.0/lib/gcc/x86_64-pc-linux-gnu/11.3.0/../../../../lib64/:/lib/../lib64/:/usr/lib/../lib64/:/apps/antwerpen/zen2/rocky8/imkl-FFTW/2022.1.0-iimpi-2022a/lib/:/apps/antwerpen/zen2/rocky8/imkl/2022.1.0/mkl/2022.1.0/lib/intel64/:/apps/antwerpen/zen2/rocky8/imkl/2022.1.0/compiler/2022.1.0/linux/compiler/lib/intel64_lin/:/apps/antwerpen/zen2/rocky8/impi/2021.6.0-intel-compilers-2022.1.0/mpi/2021.6.0/libfabric/lib/:/apps/antwerpen/zen2/rocky8/impi/2021.6.0-intel-compilers-2022.1.0/mpi/2021.6.0/lib/release/:/apps/antwerpen/zen2/rocky8/impi/2021.6.0-intel-compilers-2022.1.0/mpi/2021.6.0/lib/:/apps/antwerpen/zen2/rocky8/UCX/1.12.1-GCCcore-11.3.0/lib/:/apps/antwerpen/zen2/rocky8/numactl/2.0.14-GCCcore-11.3.0/lib/:/apps/antwerpen/zen2/rocky8/intel-compilers/2022.1.0/tbb/2021.6.0/lib/intel64/gcc4.8/:/apps/antwerpen/zen2/rocky8/intel-compilers/2022.1.0/compiler/2022.1.0/linux/compiler/lib/intel64_lin/:/apps/antwerpen/zen2/rocky8/intel-compilers/2022.1.0/compiler/2022.1.0/linux/lib/x64/:/apps/antwerpen/zen2/rocky8/intel-compilers/2022.1.0/compiler/2022.1.0/linux/lib/:/apps/antwerpen/zen2/rocky8/binutils/2.38-GCCcore-11.3.0/lib/:/apps/antwerpen/zen2/rocky8/zlib/1.2.12-GCCcore-11.3.0/lib/:/apps/antwerpen/zen2/rocky8/GCCcore/11.3.0/lib/gcc/x86_64-pc-linux-gnu/11.3.0/../../../:/lib/:/usr/lib/]
  ignore line: [COLLECT_GCC_OPTIONS='-v' '-o' 'cmTC_2d983' '-mtune=generic' '-march=x86-64' '-dumpdir' 'cmTC_2d983.']
  link line: [ /apps/antwerpen/zen2/rocky8/GCCcore/11.3.0/libexec/gcc/x86_64-pc-linux-gnu/11.3.0/collect2 -plugin /apps/antwerpen/zen2/rocky8/GCCcore/11.3.0/libexec/gcc/x86_64-pc-linux-gnu/11.3.0/liblto_plugin.so -plugin-opt=/apps/antwerpen/zen2/rocky8/GCCcore/11.3.0/libexec/gcc/x86_64-pc-linux-gnu/11.3.0/lto-wrapper -plugin-opt=-fresolution=/tmp/ccFWi4TX.res -plugin-opt=-pass-through=-lgcc -plugin-opt=-pass-through=-lgcc_s -plugin-opt=-pass-through=-lc -plugin-opt=-pass-through=-lgcc -plugin-opt=-pass-through=-lgcc_s --eh-frame-hdr -m elf_x86_64 -dynamic-linker /lib64/ld-linux-x86-64.so.2 -o cmTC_2d983 /lib/../lib64/crt1.o /lib/../lib64/crti.o /apps/antwerpen/zen2/rocky8/GCCcore/11.3.0/lib/gcc/x86_64-pc-linux-gnu/11.3.0/crtbegin.o -L/apps/antwerpen/zen2/rocky8/UCX/1.12.1-GCCcore-11.3.0/lib/../lib64 -L/apps/antwerpen/zen2/rocky8/numactl/2.0.14-GCCcore-11.3.0/lib/../lib64 -L/apps/antwerpen/zen2/rocky8/binutils/2.38-GCCcore-11.3.0/lib/../lib64 -L/apps/antwerpen/zen2/rocky8/zlib/1.2.12-GCCcore-11.3.0/lib/../lib64 -L/apps/antwerpen/zen2/rocky8/GCCcore/11.3.0/lib/gcc/x86_64-pc-linux-gnu/11.3.0 -L/apps/antwerpen/zen2/rocky8/GCCcore/11.3.0/lib/gcc/x86_64-pc-linux-gnu/11.3.0/../../../../lib64 -L/lib/../lib64 -L/usr/lib/../lib64 -L/apps/antwerpen/zen2/rocky8/imkl-FFTW/2022.1.0-iimpi-2022a/lib -L/apps/antwerpen/zen2/rocky8/imkl/2022.1.0/mkl/2022.1.0/lib/intel64 -L/apps/antwerpen/zen2/rocky8/imkl/2022.1.0/compiler/2022.1.0/linux/compiler/lib/intel64_lin -L/apps/antwerpen/zen2/rocky8/impi/2021.6.0-intel-compilers-2022.1.0/mpi/2021.6.0/libfabric/lib -L/apps/antwerpen/zen2/rocky8/impi/2021.6.0-intel-compilers-2022.1.0/mpi/2021.6.0/lib/release -L/apps/antwerpen/zen2/rocky8/impi/2021.6.0-intel-compilers-2022.1.0/mpi/2021.6.0/lib -L/apps/antwerpen/zen2/rocky8/UCX/1.12.1-GCCcore-11.3.0/lib -L/apps/antwerpen/zen2/rocky8/numactl/2.0.14-GCCcore-11.3.0/lib -L/apps/antwerpen/zen2/rocky8/intel-compilers/2022.1.0/tbb/2021.6.0/lib/intel64/gcc4.8 -L/apps/antwerpen/zen2/rocky8/intel-compilers/2022.1.0/compiler/2022.1.0/linux/compiler/lib/intel64_lin -L/apps/antwerpen/zen2/rocky8/intel-compilers/2022.1.0/compiler/2022.1.0/linux/lib/x64 -L/apps/antwerpen/zen2/rocky8/intel-compilers/2022.1.0/compiler/2022.1.0/linux/lib -L/apps/antwerpen/zen2/rocky8/binutils/2.38-GCCcore-11.3.0/lib -L/apps/antwerpen/zen2/rocky8/zlib/1.2.12-GCCcore-11.3.0/lib -L/apps/antwerpen/zen2/rocky8/GCCcore/11.3.0/lib/gcc/x86_64-pc-linux-gnu/11.3.0/../../.. CMakeFiles/cmTC_2d983.dir/CMakeCCompilerABI.c.o -lgcc --push-state --as-needed -lgcc_s --pop-state -lc -lgcc --push-state --as-needed -lgcc_s --pop-state /apps/antwerpen/zen2/rocky8/GCCcore/11.3.0/lib/gcc/x86_64-pc-linux-gnu/11.3.0/crtend.o /lib/../lib64/crtn.o]
    arg [/apps/antwerpen/zen2/rocky8/GCCcore/11.3.0/libexec/gcc/x86_64-pc-linux-gnu/11.3.0/collect2] ==> ignore
    arg [-plugin] ==> ignore
    arg [/apps/antwerpen/zen2/rocky8/GCCcore/11.3.0/libexec/gcc/x86_64-pc-linux-gnu/11.3.0/liblto_plugin.so] ==> ignore
    arg [-plugin-opt=/apps/antwerpen/zen2/rocky8/GCCcore/11.3.0/libexec/gcc/x86_64-pc-linux-gnu/11.3.0/lto-wrapper] ==> ignore
    arg [-plugin-opt=-fresolution=/tmp/ccFWi4TX.res] ==> ignore
    arg [-plugin-opt=-pass-through=-lgcc] ==> ignore
    arg [-plugin-opt=-pass-through=-lgcc_s] ==> ignore
    arg [-plugin-opt=-pass-through=-lc] ==> ignore
    arg [-plugin-opt=-pass-through=-lgcc] ==> ignore
    arg [-plugin-opt=-pass-through=-lgcc_s] ==> ignore
    arg [--eh-frame-hdr] ==> ignore
    arg [-m] ==> ignore
    arg [elf_x86_64] ==> ignore
    arg [-dynamic-linker] ==> ignore
    arg [/lib64/ld-linux-x86-64.so.2] ==> ignore
    arg [-o] ==> ignore
    arg [cmTC_2d983] ==> ignore
    arg [/lib/../lib64/crt1.o] ==> obj [/lib/../lib64/crt1.o]
    arg [/lib/../lib64/crti.o] ==> obj [/lib/../lib64/crti.o]
    arg [/apps/antwerpen/zen2/rocky8/GCCcore/11.3.0/lib/gcc/x86_64-pc-linux-gnu/11.3.0/crtbegin.o] ==> obj [/apps/antwerpen/zen2/rocky8/GCCcore/11.3.0/lib/gcc/x86_64-pc-linux-gnu/11.3.0/crtbegin.o]
    arg [-L/apps/antwerpen/zen2/rocky8/UCX/1.12.1-GCCcore-11.3.0/lib/../lib64] ==> dir [/apps/antwerpen/zen2/rocky8/UCX/1.12.1-GCCcore-11.3.0/lib/../lib64]
    arg [-L/apps/antwerpen/zen2/rocky8/numactl/2.0.14-GCCcore-11.3.0/lib/../lib64] ==> dir [/apps/antwerpen/zen2/rocky8/numactl/2.0.14-GCCcore-11.3.0/lib/../lib64]
    arg [-L/apps/antwerpen/zen2/rocky8/binutils/2.38-GCCcore-11.3.0/lib/../lib64] ==> dir [/apps/antwerpen/zen2/rocky8/binutils/2.38-GCCcore-11.3.0/lib/../lib64]
    arg [-L/apps/antwerpen/zen2/rocky8/zlib/1.2.12-GCCcore-11.3.0/lib/../lib64] ==> dir [/apps/antwerpen/zen2/rocky8/zlib/1.2.12-GCCcore-11.3.0/lib/../lib64]
    arg [-L/apps/antwerpen/zen2/rocky8/GCCcore/11.3.0/lib/gcc/x86_64-pc-linux-gnu/11.3.0] ==> dir [/apps/antwerpen/zen2/rocky8/GCCcore/11.3.0/lib/gcc/x86_64-pc-linux-gnu/11.3.0]
    arg [-L/apps/antwerpen/zen2/rocky8/GCCcore/11.3.0/lib/gcc/x86_64-pc-linux-gnu/11.3.0/../../../../lib64] ==> dir [/apps/antwerpen/zen2/rocky8/GCCcore/11.3.0/lib/gcc/x86_64-pc-linux-gnu/11.3.0/../../../../lib64]
    arg [-L/lib/../lib64] ==> dir [/lib/../lib64]
    arg [-L/usr/lib/../lib64] ==> dir [/usr/lib/../lib64]
    arg [-L/apps/antwerpen/zen2/rocky8/imkl-FFTW/2022.1.0-iimpi-2022a/lib] ==> dir [/apps/antwerpen/zen2/rocky8/imkl-FFTW/2022.1.0-iimpi-2022a/lib]
    arg [-L/apps/antwerpen/zen2/rocky8/imkl/2022.1.0/mkl/2022.1.0/lib/intel64] ==> dir [/apps/antwerpen/zen2/rocky8/imkl/2022.1.0/mkl/2022.1.0/lib/intel64]
    arg [-L/apps/antwerpen/zen2/rocky8/imkl/2022.1.0/compiler/2022.1.0/linux/compiler/lib/intel64_lin] ==> dir [/apps/antwerpen/zen2/rocky8/imkl/2022.1.0/compiler/2022.1.0/linux/compiler/lib/intel64_lin]
    arg [-L/apps/antwerpen/zen2/rocky8/impi/2021.6.0-intel-compilers-2022.1.0/mpi/2021.6.0/libfabric/lib] ==> dir [/apps/antwerpen/zen2/rocky8/impi/2021.6.0-intel-compilers-2022.1.0/mpi/2021.6.0/libfabric/lib]
    arg [-L/apps/antwerpen/zen2/rocky8/impi/2021.6.0-intel-compilers-2022.1.0/mpi/2021.6.0/lib/release] ==> dir [/apps/antwerpen/zen2/rocky8/impi/2021.6.0-intel-compilers-2022.1.0/mpi/2021.6.0/lib/release]
    arg [-L/apps/antwerpen/zen2/rocky8/impi/2021.6.0-intel-compilers-2022.1.0/mpi/2021.6.0/lib] ==> dir [/apps/antwerpen/zen2/rocky8/impi/2021.6.0-intel-compilers-2022.1.0/mpi/2021.6.0/lib]
    arg [-L/apps/antwerpen/zen2/rocky8/UCX/1.12.1-GCCcore-11.3.0/lib] ==> dir [/apps/antwerpen/zen2/rocky8/UCX/1.12.1-GCCcore-11.3.0/lib]
    arg [-L/apps/antwerpen/zen2/rocky8/numactl/2.0.14-GCCcore-11.3.0/lib] ==> dir [/apps/antwerpen/zen2/rocky8/numactl/2.0.14-GCCcore-11.3.0/lib]
    arg [-L/apps/antwerpen/zen2/rocky8/intel-compilers/2022.1.0/tbb/2021.6.0/lib/intel64/gcc4.8] ==> dir [/apps/antwerpen/zen2/rocky8/intel-compilers/2022.1.0/tbb/2021.6.0/lib/intel64/gcc4.8]
    arg [-L/apps/antwerpen/zen2/rocky8/intel-compilers/2022.1.0/compiler/2022.1.0/linux/compiler/lib/intel64_lin] ==> dir [/apps/antwerpen/zen2/rocky8/intel-compilers/2022.1.0/compiler/2022.1.0/linux/compiler/lib/intel64_lin]
    arg [-L/apps/antwerpen/zen2/rocky8/intel-compilers/2022.1.0/compiler/2022.1.0/linux/lib/x64] ==> dir [/apps/antwerpen/zen2/rocky8/intel-compilers/2022.1.0/compiler/2022.1.0/linux/lib/x64]
    arg [-L/apps/antwerpen/zen2/rocky8/intel-compilers/2022.1.0/compiler/2022.1.0/linux/lib] ==> dir [/apps/antwerpen/zen2/rocky8/intel-compilers/2022.1.0/compiler/2022.1.0/linux/lib]
    arg [-L/apps/antwerpen/zen2/rocky8/binutils/2.38-GCCcore-11.3.0/lib] ==> dir [/apps/antwerpen/zen2/rocky8/binutils/2.38-GCCcore-11.3.0/lib]
    arg [-L/apps/antwerpen/zen2/rocky8/zlib/1.2.12-GCCcore-11.3.0/lib] ==> dir [/apps/antwerpen/zen2/rocky8/zlib/1.2.12-GCCcore-11.3.0/lib]
    arg [-L/apps/antwerpen/zen2/rocky8/GCCcore/11.3.0/lib/gcc/x86_64-pc-linux-gnu/11.3.0/../../..] ==> dir [/apps/antwerpen/zen2/rocky8/GCCcore/11.3.0/lib/gcc/x86_64-pc-linux-gnu/11.3.0/../../..]
    arg [CMakeFiles/cmTC_2d983.dir/CMakeCCompilerABI.c.o] ==> ignore
    arg [-lgcc] ==> lib [gcc]
    arg [--push-state] ==> ignore
    arg [--as-needed] ==> ignore
    arg [-lgcc_s] ==> lib [gcc_s]
    arg [--pop-state] ==> ignore
    arg [-lc] ==> lib [c]
    arg [-lgcc] ==> lib [gcc]
    arg [--push-state] ==> ignore
    arg [--as-needed] ==> ignore
    arg [-lgcc_s] ==> lib [gcc_s]
    arg [--pop-state] ==> ignore
    arg [/apps/antwerpen/zen2/rocky8/GCCcore/11.3.0/lib/gcc/x86_64-pc-linux-gnu/11.3.0/crtend.o] ==> obj [/apps/antwerpen/zen2/rocky8/GCCcore/11.3.0/lib/gcc/x86_64-pc-linux-gnu/11.3.0/crtend.o]
    arg [/lib/../lib64/crtn.o] ==> obj [/lib/../lib64/crtn.o]
  collapse obj [/lib/../lib64/crt1.o] ==> [/lib64/crt1.o]
  collapse obj [/lib/../lib64/crti.o] ==> [/lib64/crti.o]
  collapse obj [/lib/../lib64/crtn.o] ==> [/lib64/crtn.o]
  collapse library dir [/apps/antwerpen/zen2/rocky8/UCX/1.12.1-GCCcore-11.3.0/lib/../lib64] ==> [/apps/antwerpen/zen2/rocky8/UCX/1.12.1-GCCcore-11.3.0/lib64]
  collapse library dir [/apps/antwerpen/zen2/rocky8/numactl/2.0.14-GCCcore-11.3.0/lib/../lib64] ==> [/apps/antwerpen/zen2/rocky8/numactl/2.0.14-GCCcore-11.3.0/lib64]
  collapse library dir [/apps/antwerpen/zen2/rocky8/binutils/2.38-GCCcore-11.3.0/lib/../lib64] ==> [/apps/antwerpen/zen2/rocky8/binutils/2.38-GCCcore-11.3.0/lib64]
  collapse library dir [/apps/antwerpen/zen2/rocky8/zlib/1.2.12-GCCcore-11.3.0/lib/../lib64] ==> [/apps/antwerpen/zen2/rocky8/zlib/1.2.12-GCCcore-11.3.0/lib64]
  collapse library dir [/apps/antwerpen/zen2/rocky8/GCCcore/11.3.0/lib/gcc/x86_64-pc-linux-gnu/11.3.0] ==> [/apps/antwerpen/zen2/rocky8/GCCcore/11.3.0/lib/gcc/x86_64-pc-linux-gnu/11.3.0]
  collapse library dir [/apps/antwerpen/zen2/rocky8/GCCcore/11.3.0/lib/gcc/x86_64-pc-linux-gnu/11.3.0/../../../../lib64] ==> [/apps/antwerpen/zen2/rocky8/GCCcore/11.3.0/lib64]
  collapse library dir [/lib/../lib64] ==> [/lib64]
  collapse library dir [/usr/lib/../lib64] ==> [/usr/lib64]
  collapse library dir [/apps/antwerpen/zen2/rocky8/imkl-FFTW/2022.1.0-iimpi-2022a/lib] ==> [/apps/antwerpen/zen2/rocky8/imkl-FFTW/2022.1.0-iimpi-2022a/lib]
  collapse library dir [/apps/antwerpen/zen2/rocky8/imkl/2022.1.0/mkl/2022.1.0/lib/intel64] ==> [/apps/antwerpen/zen2/rocky8/imkl/2022.1.0/mkl/2022.1.0/lib/intel64]
  collapse library dir [/apps/antwerpen/zen2/rocky8/imkl/2022.1.0/compiler/2022.1.0/linux/compiler/lib/intel64_lin] ==> [/apps/antwerpen/zen2/rocky8/imkl/2022.1.0/compiler/2022.1.0/linux/compiler/lib/intel64_lin]
  collapse library dir [/apps/antwerpen/zen2/rocky8/impi/2021.6.0-intel-compilers-2022.1.0/mpi/2021.6.0/libfabric/lib] ==> [/apps/antwerpen/zen2/rocky8/impi/2021.6.0-intel-compilers-2022.1.0/mpi/2021.6.0/libfabric/lib]
  collapse library dir [/apps/antwerpen/zen2/rocky8/impi/2021.6.0-intel-compilers-2022.1.0/mpi/2021.6.0/lib/release] ==> [/apps/antwerpen/zen2/rocky8/impi/2021.6.0-intel-compilers-2022.1.0/mpi/2021.6.0/lib/release]
  collapse library dir [/apps/antwerpen/zen2/rocky8/impi/2021.6.0-intel-compilers-2022.1.0/mpi/2021.6.0/lib] ==> [/apps/antwerpen/zen2/rocky8/impi/2021.6.0-intel-compilers-2022.1.0/mpi/2021.6.0/lib]
  collapse library dir [/apps/antwerpen/zen2/rocky8/UCX/1.12.1-GCCcore-11.3.0/lib] ==> [/apps/antwerpen/zen2/rocky8/UCX/1.12.1-GCCcore-11.3.0/lib]
  collapse library dir [/apps/antwerpen/zen2/rocky8/numactl/2.0.14-GCCcore-11.3.0/lib] ==> [/apps/antwerpen/zen2/rocky8/numactl/2.0.14-GCCcore-11.3.0/lib]
  collapse library dir [/apps/antwerpen/zen2/rocky8/intel-compilers/2022.1.0/tbb/2021.6.0/lib/intel64/gcc4.8] ==> [/apps/antwerpen/zen2/rocky8/intel-compilers/2022.1.0/tbb/2021.6.0/lib/intel64/gcc4.8]
  collapse library dir [/apps/antwerpen/zen2/rocky8/intel-compilers/2022.1.0/compiler/2022.1.0/linux/compiler/lib/intel64_lin] ==> [/apps/antwerpen/zen2/rocky8/intel-compilers/2022.1.0/compiler/2022.1.0/linux/compiler/lib/intel64_lin]
  collapse library dir [/apps/antwerpen/zen2/rocky8/intel-compilers/2022.1.0/compiler/2022.1.0/linux/lib/x64] ==> [/apps/antwerpen/zen2/rocky8/intel-compilers/2022.1.0/compiler/2022.1.0/linux/lib/x64]
  collapse library dir [/apps/antwerpen/zen2/rocky8/intel-compilers/2022.1.0/compiler/2022.1.0/linux/lib] ==> [/apps/antwerpen/zen2/rocky8/intel-compilers/2022.1.0/compiler/2022.1.0/linux/lib]
  collapse library dir [/apps/antwerpen/zen2/rocky8/binutils/2.38-GCCcore-11.3.0/lib] ==> [/apps/antwerpen/zen2/rocky8/binutils/2.38-GCCcore-11.3.0/lib]
  collapse library dir [/apps/antwerpen/zen2/rocky8/zlib/1.2.12-GCCcore-11.3.0/lib] ==> [/apps/antwerpen/zen2/rocky8/zlib/1.2.12-GCCcore-11.3.0/lib]
  collapse library dir [/apps/antwerpen/zen2/rocky8/GCCcore/11.3.0/lib/gcc/x86_64-pc-linux-gnu/11.3.0/../../..] ==> [/apps/antwerpen/zen2/rocky8/GCCcore/11.3.0/lib]
  implicit libs: [gcc;gcc_s;c;gcc;gcc_s]
  implicit objs: [/lib64/crt1.o;/lib64/crti.o;/apps/antwerpen/zen2/rocky8/GCCcore/11.3.0/lib/gcc/x86_64-pc-linux-gnu/11.3.0/crtbegin.o;/apps/antwerpen/zen2/rocky8/GCCcore/11.3.0/lib/gcc/x86_64-pc-linux-gnu/11.3.0/crtend.o;/lib64/crtn.o]
  implicit dirs: [/apps/antwerpen/zen2/rocky8/UCX/1.12.1-GCCcore-11.3.0/lib64;/apps/antwerpen/zen2/rocky8/numactl/2.0.14-GCCcore-11.3.0/lib64;/apps/antwerpen/zen2/rocky8/binutils/2.38-GCCcore-11.3.0/lib64;/apps/antwerpen/zen2/rocky8/zlib/1.2.12-GCCcore-11.3.0/lib64;/apps/antwerpen/zen2/rocky8/GCCcore/11.3.0/lib/gcc/x86_64-pc-linux-gnu/11.3.0;/apps/antwerpen/zen2/rocky8/GCCcore/11.3.0/lib64;/lib64;/usr/lib64;/apps/antwerpen/zen2/rocky8/imkl-FFTW/2022.1.0-iimpi-2022a/lib;/apps/antwerpen/zen2/rocky8/imkl/2022.1.0/mkl/2022.1.0/lib/intel64;/apps/antwerpen/zen2/rocky8/imkl/2022.1.0/compiler/2022.1.0/linux/compiler/lib/intel64_lin;/apps/antwerpen/zen2/rocky8/impi/2021.6.0-intel-compilers-2022.1.0/mpi/2021.6.0/libfabric/lib;/apps/antwerpen/zen2/rocky8/impi/2021.6.0-intel-compilers-2022.1.0/mpi/2021.6.0/lib/release;/apps/antwerpen/zen2/rocky8/impi/2021.6.0-intel-compilers-2022.1.0/mpi/2021.6.0/lib;/apps/antwerpen/zen2/rocky8/UCX/1.12.1-GCCcore-11.3.0/lib;/apps/antwerpen/zen2/rocky8/numactl/2.0.14-GCCcore-11.3.0/lib;/apps/antwerpen/zen2/rocky8/intel-compilers/2022.1.0/tbb/2021.6.0/lib/intel64/gcc4.8;/apps/antwerpen/zen2/rocky8/intel-compilers/2022.1.0/compiler/2022.1.0/linux/compiler/lib/intel64_lin;/apps/antwerpen/zen2/rocky8/intel-compilers/2022.1.0/compiler/2022.1.0/linux/lib/x64;/apps/antwerpen/zen2/rocky8/intel-compilers/2022.1.0/compiler/2022.1.0/linux/lib;/apps/antwerpen/zen2/rocky8/binutils/2.38-GCCcore-11.3.0/lib;/apps/antwerpen/zen2/rocky8/zlib/1.2.12-GCCcore-11.3.0/lib;/apps/antwerpen/zen2/rocky8/GCCcore/11.3.0/lib]
  implicit fwks: []


Detecting C OpenMP compiler ABI info compiled with the following output:
Change Dir: /user/antwerpen/201/vsc20170/vsc_data/xthi/build/CMakeFiles/CMakeTmp

Run Build Command(s):/usr/bin/gmake -f Makefile cmTC_506bb/fast && /usr/bin/gmake  -f CMakeFiles/cmTC_506bb.dir/build.make CMakeFiles/cmTC_506bb.dir/build
gmake[1]: Entering directory '/data/antwerpen/201/vsc20170/xthi/build/CMakeFiles/CMakeTmp'
Building C object CMakeFiles/cmTC_506bb.dir/OpenMPTryFlag.c.o
/apps/antwerpen/zen2/rocky8/GCCcore/11.3.0/bin/cc   -fopenmp -v -std=gnu99 -o CMakeFiles/cmTC_506bb.dir/OpenMPTryFlag.c.o -c /user/antwerpen/201/vsc20170/vsc_data/xthi/build/CMakeFiles/FindOpenMP/OpenMPTryFlag.c
Using built-in specs.
COLLECT_GCC=/apps/antwerpen/zen2/rocky8/GCCcore/11.3.0/bin/cc
OFFLOAD_TARGET_NAMES=nvptx-none
Target: x86_64-pc-linux-gnu
Configured with: ../configure --enable-languages=c,c++,fortran --without-cuda-driver --enable-offload-targets=nvptx-none --enable-lto --enable-checking=release --disable-multilib --enable-shared=yes --enable-static=yes --enable-threads=posix --enable-plugins --enable-gold --enable-ld=default --prefix=/apps/antwerpen/zen2/rocky8/GCCcore/11.3.0 --with-local-prefix=/apps/antwerpen/zen2/rocky8/GCCcore/11.3.0 --enable-bootstrap --with-isl=/dev/shm/vsc20001/GCCcore/11.3.0/system-system/gcc-11.3.0/stage2_stuff --build=x86_64-pc-linux-gnu --host=x86_64-pc-linux-gnu
Thread model: posix
Supported LTO compression algorithms: zlib
gcc version 11.3.0 (GCC) 
COLLECT_GCC_OPTIONS='-fopenmp' '-v' '-std=gnu99' '-o' 'CMakeFiles/cmTC_506bb.dir/OpenMPTryFlag.c.o' '-c' '-mtune=generic' '-march=x86-64' '-pthread' '-dumpdir' 'CMakeFiles/cmTC_506bb.dir/'
 /apps/antwerpen/zen2/rocky8/GCCcore/11.3.0/libexec/gcc/x86_64-pc-linux-gnu/11.3.0/cc1 -quiet -v -D_REENTRANT /user/antwerpen/201/vsc20170/vsc_data/xthi/build/CMakeFiles/FindOpenMP/OpenMPTryFlag.c -quiet -dumpdir CMakeFiles/cmTC_506bb.dir/ -dumpbase OpenMPTryFlag.c.c -dumpbase-ext .c -mtune=generic -march=x86-64 -std=gnu99 -version -fopenmp -o /tmp/ccCNOOYv.s
GNU C99 (GCC) version 11.3.0 (x86_64-pc-linux-gnu)
	compiled by GNU C version 11.3.0, GMP version 6.2.1, MPFR version 4.1.0, MPC version 1.2.1, isl version isl-0.24-GMP

GGC heuristics: --param ggc-min-expand=100 --param ggc-min-heapsize=131072
ignoring nonexistent directory "/apps/antwerpen/zen2/rocky8/GCCcore/11.3.0/lib/gcc/x86_64-pc-linux-gnu/11.3.0/include-fixed"
ignoring nonexistent directory "/apps/antwerpen/zen2/rocky8/GCCcore/11.3.0/lib/gcc/x86_64-pc-linux-gnu/11.3.0/../../../../x86_64-pc-linux-gnu/include"
#include "..." search starts here:
#include <...> search starts here:
 /apps/antwerpen/zen2/rocky8/imkl/2022.1.0/mkl/2022.1.0/include/fftw
 /apps/antwerpen/zen2/rocky8/imkl/2022.1.0/mkl/2022.1.0/include
 /apps/antwerpen/zen2/rocky8/impi/2021.6.0-intel-compilers-2022.1.0/mpi/2021.6.0/include
 /apps/antwerpen/zen2/rocky8/UCX/1.12.1-GCCcore-11.3.0/include
 /apps/antwerpen/zen2/rocky8/numactl/2.0.14-GCCcore-11.3.0/include
 /apps/antwerpen/zen2/rocky8/intel-compilers/2022.1.0/tbb/2021.6.0/include
 /apps/antwerpen/zen2/rocky8/binutils/2.38-GCCcore-11.3.0/include
 /apps/antwerpen/zen2/rocky8/zlib/1.2.12-GCCcore-11.3.0/include
 /apps/antwerpen/zen2/rocky8/GCCcore/11.3.0/lib/gcc/x86_64-pc-linux-gnu/11.3.0/include
 /apps/antwerpen/zen2/rocky8/GCCcore/11.3.0/include
 /usr/include
End of search list.
GNU C99 (GCC) version 11.3.0 (x86_64-pc-linux-gnu)
	compiled by GNU C version 11.3.0, GMP version 6.2.1, MPFR version 4.1.0, MPC version 1.2.1, isl version isl-0.24-GMP

GGC heuristics: --param ggc-min-expand=100 --param ggc-min-heapsize=131072
Compiler executable checksum: 325a18a7006b63f5ff77254c2e6fa4e9
COLLECT_GCC_OPTIONS='-fopenmp' '-v' '-std=gnu99' '-o' 'CMakeFiles/cmTC_506bb.dir/OpenMPTryFlag.c.o' '-c' '-mtune=generic' '-march=x86-64' '-pthread' '-dumpdir' 'CMakeFiles/cmTC_506bb.dir/'
 as -v --64 -o CMakeFiles/cmTC_506bb.dir/OpenMPTryFlag.c.o /tmp/ccCNOOYv.s
GNU assembler version 2.38 (x86_64-pc-linux-gnu) using BFD version (GNU Binutils) 2.38
COMPILER_PATH=/apps/antwerpen/zen2/rocky8/GCCcore/11.3.0/libexec/gcc/x86_64-pc-linux-gnu/11.3.0/:/apps/antwerpen/zen2/rocky8/GCCcore/11.3.0/libexec/gcc/x86_64-pc-linux-gnu/11.3.0/:/apps/antwerpen/zen2/rocky8/GCCcore/11.3.0/libexec/gcc/x86_64-pc-linux-gnu/:/apps/antwerpen/zen2/rocky8/GCCcore/11.3.0/lib/gcc/x86_64-pc-linux-gnu/11.3.0/:/apps/antwerpen/zen2/rocky8/GCCcore/11.3.0/lib/gcc/x86_64-pc-linux-gnu/
LIBRARY_PATH=/apps/antwerpen/zen2/rocky8/UCX/1.12.1-GCCcore-11.3.0/lib/../lib64/:/apps/antwerpen/zen2/rocky8/numactl/2.0.14-GCCcore-11.3.0/lib/../lib64/:/apps/antwerpen/zen2/rocky8/binutils/2.38-GCCcore-11.3.0/lib/../lib64/:/apps/antwerpen/zen2/rocky8/zlib/1.2.12-GCCcore-11.3.0/lib/../lib64/:/apps/antwerpen/zen2/rocky8/GCCcore/11.3.0/lib/gcc/x86_64-pc-linux-gnu/11.3.0/:/apps/antwerpen/zen2/rocky8/GCCcore/11.3.0/lib/gcc/x86_64-pc-linux-gnu/11.3.0/../../../../lib64/:/lib/../lib64/:/usr/lib/../lib64/:/apps/antwerpen/zen2/rocky8/imkl-FFTW/2022.1.0-iimpi-2022a/lib/:/apps/antwerpen/zen2/rocky8/imkl/2022.1.0/mkl/2022.1.0/lib/intel64/:/apps/antwerpen/zen2/rocky8/imkl/2022.1.0/compiler/2022.1.0/linux/compiler/lib/intel64_lin/:/apps/antwerpen/zen2/rocky8/impi/2021.6.0-intel-compilers-2022.1.0/mpi/2021.6.0/libfabric/lib/:/apps/antwerpen/zen2/rocky8/impi/2021.6.0-intel-compilers-2022.1.0/mpi/2021.6.0/lib/release/:/apps/antwerpen/zen2/rocky8/impi/2021.6.0-intel-compilers-2022.1.0/mpi/2021.6.0/lib/:/apps/antwerpen/zen2/rocky8/UCX/1.12.1-GCCcore-11.3.0/lib/:/apps/antwerpen/zen2/rocky8/numactl/2.0.14-GCCcore-11.3.0/lib/:/apps/antwerpen/zen2/rocky8/intel-compilers/2022.1.0/tbb/2021.6.0/lib/intel64/gcc4.8/:/apps/antwerpen/zen2/rocky8/intel-compilers/2022.1.0/compiler/2022.1.0/linux/compiler/lib/intel64_lin/:/apps/antwerpen/zen2/rocky8/intel-compilers/2022.1.0/compiler/2022.1.0/linux/lib/x64/:/apps/antwerpen/zen2/rocky8/intel-compilers/2022.1.0/compiler/2022.1.0/linux/lib/:/apps/antwerpen/zen2/rocky8/binutils/2.38-GCCcore-11.3.0/lib/:/apps/antwerpen/zen2/rocky8/zlib/1.2.12-GCCcore-11.3.0/lib/:/apps/antwerpen/zen2/rocky8/GCCcore/11.3.0/lib/gcc/x86_64-pc-linux-gnu/11.3.0/../../../:/lib/:/usr/lib/
COLLECT_GCC_OPTIONS='-fopenmp' '-v' '-std=gnu99' '-o' 'CMakeFiles/cmTC_506bb.dir/OpenMPTryFlag.c.o' '-c' '-mtune=generic' '-march=x86-64' '-pthread' '-dumpdir' 'CMakeFiles/cmTC_506bb.dir/OpenMPTryFlag.c.'
Linking C executable cmTC_506bb
/usr/bin/cmake -E cmake_link_script CMakeFiles/cmTC_506bb.dir/link.txt --verbose=1
/apps/antwerpen/zen2/rocky8/GCCcore/11.3.0/bin/cc  -fopenmp -v CMakeFiles/cmTC_506bb.dir/OpenMPTryFlag.c.o -o cmTC_506bb  -v 
Using built-in specs.
COLLECT_GCC=/apps/antwerpen/zen2/rocky8/GCCcore/11.3.0/bin/cc
COLLECT_LTO_WRAPPER=/apps/antwerpen/zen2/rocky8/GCCcore/11.3.0/libexec/gcc/x86_64-pc-linux-gnu/11.3.0/lto-wrapper
OFFLOAD_TARGET_NAMES=nvptx-none
Target: x86_64-pc-linux-gnu
Configured with: ../configure --enable-languages=c,c++,fortran --without-cuda-driver --enable-offload-targets=nvptx-none --enable-lto --enable-checking=release --disable-multilib --enable-shared=yes --enable-static=yes --enable-threads=posix --enable-plugins --enable-gold --enable-ld=default --prefix=/apps/antwerpen/zen2/rocky8/GCCcore/11.3.0 --with-local-prefix=/apps/antwerpen/zen2/rocky8/GCCcore/11.3.0 --enable-bootstrap --with-isl=/dev/shm/vsc20001/GCCcore/11.3.0/system-system/gcc-11.3.0/stage2_stuff --build=x86_64-pc-linux-gnu --host=x86_64-pc-linux-gnu
Thread model: posix
Supported LTO compression algorithms: zlib
gcc version 11.3.0 (GCC) 
COMPILER_PATH=/apps/antwerpen/zen2/rocky8/GCCcore/11.3.0/libexec/gcc/x86_64-pc-linux-gnu/11.3.0/:/apps/antwerpen/zen2/rocky8/GCCcore/11.3.0/libexec/gcc/x86_64-pc-linux-gnu/11.3.0/:/apps/antwerpen/zen2/rocky8/GCCcore/11.3.0/libexec/gcc/x86_64-pc-linux-gnu/:/apps/antwerpen/zen2/rocky8/GCCcore/11.3.0/lib/gcc/x86_64-pc-linux-gnu/11.3.0/:/apps/antwerpen/zen2/rocky8/GCCcore/11.3.0/lib/gcc/x86_64-pc-linux-gnu/
LIBRARY_PATH=/apps/antwerpen/zen2/rocky8/UCX/1.12.1-GCCcore-11.3.0/lib/../lib64/:/apps/antwerpen/zen2/rocky8/numactl/2.0.14-GCCcore-11.3.0/lib/../lib64/:/apps/antwerpen/zen2/rocky8/binutils/2.38-GCCcore-11.3.0/lib/../lib64/:/apps/antwerpen/zen2/rocky8/zlib/1.2.12-GCCcore-11.3.0/lib/../lib64/:/apps/antwerpen/zen2/rocky8/GCCcore/11.3.0/lib/gcc/x86_64-pc-linux-gnu/11.3.0/:/apps/antwerpen/zen2/rocky8/GCCcore/11.3.0/lib/gcc/x86_64-pc-linux-gnu/11.3.0/../../../../lib64/:/lib/../lib64/:/usr/lib/../lib64/:/apps/antwerpen/zen2/rocky8/imkl-FFTW/2022.1.0-iimpi-2022a/lib/:/apps/antwerpen/zen2/rocky8/imkl/2022.1.0/mkl/2022.1.0/lib/intel64/:/apps/antwerpen/zen2/rocky8/imkl/2022.1.0/compiler/2022.1.0/linux/compiler/lib/intel64_lin/:/apps/antwerpen/zen2/rocky8/impi/2021.6.0-intel-compilers-2022.1.0/mpi/2021.6.0/libfabric/lib/:/apps/antwerpen/zen2/rocky8/impi/2021.6.0-intel-compilers-2022.1.0/mpi/2021.6.0/lib/release/:/apps/antwerpen/zen2/rocky8/impi/2021.6.0-intel-compilers-2022.1.0/mpi/2021.6.0/lib/:/apps/antwerpen/zen2/rocky8/UCX/1.12.1-GCCcore-11.3.0/lib/:/apps/antwerpen/zen2/rocky8/numactl/2.0.14-GCCcore-11.3.0/lib/:/apps/antwerpen/zen2/rocky8/intel-compilers/2022.1.0/tbb/2021.6.0/lib/intel64/gcc4.8/:/apps/antwerpen/zen2/rocky8/intel-compilers/2022.1.0/compiler/2022.1.0/linux/compiler/lib/intel64_lin/:/apps/antwerpen/zen2/rocky8/intel-compilers/2022.1.0/compiler/2022.1.0/linux/lib/x64/:/apps/antwerpen/zen2/rocky8/intel-compilers/2022.1.0/compiler/2022.1.0/linux/lib/:/apps/antwerpen/zen2/rocky8/binutils/2.38-GCCcore-11.3.0/lib/:/apps/antwerpen/zen2/rocky8/zlib/1.2.12-GCCcore-11.3.0/lib/:/apps/antwerpen/zen2/rocky8/GCCcore/11.3.0/lib/gcc/x86_64-pc-linux-gnu/11.3.0/../../../:/lib/:/usr/lib/
Reading specs from /apps/antwerpen/zen2/rocky8/GCCcore/11.3.0/lib/gcc/x86_64-pc-linux-gnu/11.3.0/../../../../lib64/libgomp.spec
COLLECT_GCC_OPTIONS='-fopenmp' '-v' '-o' 'cmTC_506bb' '-v' '-mtune=generic' '-march=x86-64' '-pthread' '-dumpdir' 'cmTC_506bb.'
 /apps/antwerpen/zen2/rocky8/GCCcore/11.3.0/libexec/gcc/x86_64-pc-linux-gnu/11.3.0/collect2 -plugin /apps/antwerpen/zen2/rocky8/GCCcore/11.3.0/libexec/gcc/x86_64-pc-linux-gnu/11.3.0/liblto_plugin.so -plugin-opt=/apps/antwerpen/zen2/rocky8/GCCcore/11.3.0/libexec/gcc/x86_64-pc-linux-gnu/11.3.0/lto-wrapper -plugin-opt=-fresolution=/tmp/cclSOKUK.res -plugin-opt=-pass-through=-lgcc -plugin-opt=-pass-through=-lgcc_s -plugin-opt=-pass-through=-lpthread -plugin-opt=-pass-through=-lc -plugin-opt=-pass-through=-lgcc -plugin-opt=-pass-through=-lgcc_s --eh-frame-hdr -m elf_x86_64 -dynamic-linker /lib64/ld-linux-x86-64.so.2 -o cmTC_506bb /lib/../lib64/crt1.o /lib/../lib64/crti.o /apps/antwerpen/zen2/rocky8/GCCcore/11.3.0/lib/gcc/x86_64-pc-linux-gnu/11.3.0/crtbegin.o /apps/antwerpen/zen2/rocky8/GCCcore/11.3.0/lib/gcc/x86_64-pc-linux-gnu/11.3.0/crtoffloadbegin.o -L/apps/antwerpen/zen2/rocky8/UCX/1.12.1-GCCcore-11.3.0/lib/../lib64 -L/apps/antwerpen/zen2/rocky8/numactl/2.0.14-GCCcore-11.3.0/lib/../lib64 -L/apps/antwerpen/zen2/rocky8/binutils/2.38-GCCcore-11.3.0/lib/../lib64 -L/apps/antwerpen/zen2/rocky8/zlib/1.2.12-GCCcore-11.3.0/lib/../lib64 -L/apps/antwerpen/zen2/rocky8/GCCcore/11.3.0/lib/gcc/x86_64-pc-linux-gnu/11.3.0 -L/apps/antwerpen/zen2/rocky8/GCCcore/11.3.0/lib/gcc/x86_64-pc-linux-gnu/11.3.0/../../../../lib64 -L/lib/../lib64 -L/usr/lib/../lib64 -L/apps/antwerpen/zen2/rocky8/imkl-FFTW/2022.1.0-iimpi-2022a/lib -L/apps/antwerpen/zen2/rocky8/imkl/2022.1.0/mkl/2022.1.0/lib/intel64 -L/apps/antwerpen/zen2/rocky8/imkl/2022.1.0/compiler/2022.1.0/linux/compiler/lib/intel64_lin -L/apps/antwerpen/zen2/rocky8/impi/2021.6.0-intel-compilers-2022.1.0/mpi/2021.6.0/libfabric/lib -L/apps/antwerpen/zen2/rocky8/impi/2021.6.0-intel-compilers-2022.1.0/mpi/2021.6.0/lib/release -L/apps/antwerpen/zen2/rocky8/impi/2021.6.0-intel-compilers-2022.1.0/mpi/2021.6.0/lib -L/apps/antwerpen/zen2/rocky8/UCX/1.12.1-GCCcore-11.3.0/lib -L/apps/antwerpen/zen2/rocky8/numactl/2.0.14-GCCcore-11.3.0/lib -L/apps/antwerpen/zen2/rocky8/intel-compilers/2022.1.0/tbb/2021.6.0/lib/intel64/gcc4.8 -L/apps/antwerpen/zen2/rocky8/intel-compilers/2022.1.0/compiler/2022.1.0/linux/compiler/lib/intel64_lin -L/apps/antwerpen/zen2/rocky8/intel-compilers/2022.1.0/compiler/2022.1.0/linux/lib/x64 -L/apps/antwerpen/zen2/rocky8/intel-compilers/2022.1.0/compiler/2022.1.0/linux/lib -L/apps/antwerpen/zen2/rocky8/binutils/2.38-GCCcore-11.3.0/lib -L/apps/antwerpen/zen2/rocky8/zlib/1.2.12-GCCcore-11.3.0/lib -L/apps/antwerpen/zen2/rocky8/GCCcore/11.3.0/lib/gcc/x86_64-pc-linux-gnu/11.3.0/../../.. CMakeFiles/cmTC_506bb.dir/OpenMPTryFlag.c.o -lgomp -lgcc --push-state --as-needed -lgcc_s --pop-state -lpthread -lc -lgcc --push-state --as-needed -lgcc_s --pop-state /apps/antwerpen/zen2/rocky8/GCCcore/11.3.0/lib/gcc/x86_64-pc-linux-gnu/11.3.0/crtend.o /lib/../lib64/crtn.o /apps/antwerpen/zen2/rocky8/GCCcore/11.3.0/lib/gcc/x86_64-pc-linux-gnu/11.3.0/crtoffloadend.o
COLLECT_GCC_OPTIONS='-fopenmp' '-v' '-o' 'cmTC_506bb' '-v' '-mtune=generic' '-march=x86-64' '-pthread' '-dumpdir' 'cmTC_506bb.'
gmake[1]: Leaving directory '/data/antwerpen/201/vsc20170/xthi/build/CMakeFiles/CMakeTmp'



Parsed C OpenMP implicit link information from above output:
  link line regex: [^( *|.*[/\])(ld|CMAKE_LINK_STARTFILE-NOTFOUND|([^/\]+-)?ld|collect2)[^/\]*( |$)]
  ignore line: [Change Dir: /user/antwerpen/201/vsc20170/vsc_data/xthi/build/CMakeFiles/CMakeTmp]
  ignore line: []
  ignore line: [Run Build Command(s):/usr/bin/gmake -f Makefile cmTC_506bb/fast && /usr/bin/gmake  -f CMakeFiles/cmTC_506bb.dir/build.make CMakeFiles/cmTC_506bb.dir/build]
  ignore line: [gmake[1]: Entering directory '/data/antwerpen/201/vsc20170/xthi/build/CMakeFiles/CMakeTmp']
  ignore line: [Building C object CMakeFiles/cmTC_506bb.dir/OpenMPTryFlag.c.o]
  ignore line: [/apps/antwerpen/zen2/rocky8/GCCcore/11.3.0/bin/cc   -fopenmp -v -std=gnu99 -o CMakeFiles/cmTC_506bb.dir/OpenMPTryFlag.c.o -c /user/antwerpen/201/vsc20170/vsc_data/xthi/build/CMakeFiles/FindOpenMP/OpenMPTryFlag.c]
  ignore line: [Using built-in specs.]
  ignore line: [COLLECT_GCC=/apps/antwerpen/zen2/rocky8/GCCcore/11.3.0/bin/cc]
  ignore line: [OFFLOAD_TARGET_NAMES=nvptx-none]
  ignore line: [Target: x86_64-pc-linux-gnu]
  ignore line: [Configured with: ../configure --enable-languages=c,c++,fortran --without-cuda-driver --enable-offload-targets=nvptx-none --enable-lto --enable-checking=release --disable-multilib --enable-shared=yes --enable-static=yes --enable-threads=posix --enable-plugins --enable-gold --enable-ld=default --prefix=/apps/antwerpen/zen2/rocky8/GCCcore/11.3.0 --with-local-prefix=/apps/antwerpen/zen2/rocky8/GCCcore/11.3.0 --enable-bootstrap --with-isl=/dev/shm/vsc20001/GCCcore/11.3.0/system-system/gcc-11.3.0/stage2_stuff --build=x86_64-pc-linux-gnu --host=x86_64-pc-linux-gnu]
  ignore line: [Thread model: posix]
  ignore line: [Supported LTO compression algorithms: zlib]
  ignore line: [gcc version 11.3.0 (GCC) ]
  ignore line: [COLLECT_GCC_OPTIONS='-fopenmp' '-v' '-std=gnu99' '-o' 'CMakeFiles/cmTC_506bb.dir/OpenMPTryFlag.c.o' '-c' '-mtune=generic' '-march=x86-64' '-pthread' '-dumpdir' 'CMakeFiles/cmTC_506bb.dir/']
  ignore line: [ /apps/antwerpen/zen2/rocky8/GCCcore/11.3.0/libexec/gcc/x86_64-pc-linux-gnu/11.3.0/cc1 -quiet -v -D_REENTRANT /user/antwerpen/201/vsc20170/vsc_data/xthi/build/CMakeFiles/FindOpenMP/OpenMPTryFlag.c -quiet -dumpdir CMakeFiles/cmTC_506bb.dir/ -dumpbase OpenMPTryFlag.c.c -dumpbase-ext .c -mtune=generic -march=x86-64 -std=gnu99 -version -fopenmp -o /tmp/ccCNOOYv.s]
  ignore line: [GNU C99 (GCC) version 11.3.0 (x86_64-pc-linux-gnu)]
  ignore line: [	compiled by GNU C version 11.3.0  GMP version 6.2.1  MPFR version 4.1.0  MPC version 1.2.1  isl version isl-0.24-GMP]
  ignore line: []
  ignore line: [GGC heuristics: --param ggc-min-expand=100 --param ggc-min-heapsize=131072]
  ignore line: [ignoring nonexistent directory "/apps/antwerpen/zen2/rocky8/GCCcore/11.3.0/lib/gcc/x86_64-pc-linux-gnu/11.3.0/include-fixed"]
  ignore line: [ignoring nonexistent directory "/apps/antwerpen/zen2/rocky8/GCCcore/11.3.0/lib/gcc/x86_64-pc-linux-gnu/11.3.0/../../../../x86_64-pc-linux-gnu/include"]
  ignore line: [#include "..." search starts here:]
  ignore line: [#include <...> search starts here:]
  ignore line: [ /apps/antwerpen/zen2/rocky8/imkl/2022.1.0/mkl/2022.1.0/include/fftw]
  ignore line: [ /apps/antwerpen/zen2/rocky8/imkl/2022.1.0/mkl/2022.1.0/include]
  ignore line: [ /apps/antwerpen/zen2/rocky8/impi/2021.6.0-intel-compilers-2022.1.0/mpi/2021.6.0/include]
  ignore line: [ /apps/antwerpen/zen2/rocky8/UCX/1.12.1-GCCcore-11.3.0/include]
  ignore line: [ /apps/antwerpen/zen2/rocky8/numactl/2.0.14-GCCcore-11.3.0/include]
  ignore line: [ /apps/antwerpen/zen2/rocky8/intel-compilers/2022.1.0/tbb/2021.6.0/include]
  ignore line: [ /apps/antwerpen/zen2/rocky8/binutils/2.38-GCCcore-11.3.0/include]
  ignore line: [ /apps/antwerpen/zen2/rocky8/zlib/1.2.12-GCCcore-11.3.0/include]
  ignore line: [ /apps/antwerpen/zen2/rocky8/GCCcore/11.3.0/lib/gcc/x86_64-pc-linux-gnu/11.3.0/include]
  ignore line: [ /apps/antwerpen/zen2/rocky8/GCCcore/11.3.0/include]
  ignore line: [ /usr/include]
  ignore line: [End of search list.]
  ignore line: [GNU C99 (GCC) version 11.3.0 (x86_64-pc-linux-gnu)]
  ignore line: [	compiled by GNU C version 11.3.0  GMP version 6.2.1  MPFR version 4.1.0  MPC version 1.2.1  isl version isl-0.24-GMP]
  ignore line: []
  ignore line: [GGC heuristics: --param ggc-min-expand=100 --param ggc-min-heapsize=131072]
  ignore line: [Compiler executable checksum: 325a18a7006b63f5ff77254c2e6fa4e9]
  ignore line: [COLLECT_GCC_OPTIONS='-fopenmp' '-v' '-std=gnu99' '-o' 'CMakeFiles/cmTC_506bb.dir/OpenMPTryFlag.c.o' '-c' '-mtune=generic' '-march=x86-64' '-pthread' '-dumpdir' 'CMakeFiles/cmTC_506bb.dir/']
  ignore line: [ as -v --64 -o CMakeFiles/cmTC_506bb.dir/OpenMPTryFlag.c.o /tmp/ccCNOOYv.s]
  ignore line: [GNU assembler version 2.38 (x86_64-pc-linux-gnu) using BFD version (GNU Binutils) 2.38]
  ignore line: [COMPILER_PATH=/apps/antwerpen/zen2/rocky8/GCCcore/11.3.0/libexec/gcc/x86_64-pc-linux-gnu/11.3.0/:/apps/antwerpen/zen2/rocky8/GCCcore/11.3.0/libexec/gcc/x86_64-pc-linux-gnu/11.3.0/:/apps/antwerpen/zen2/rocky8/GCCcore/11.3.0/libexec/gcc/x86_64-pc-linux-gnu/:/apps/antwerpen/zen2/rocky8/GCCcore/11.3.0/lib/gcc/x86_64-pc-linux-gnu/11.3.0/:/apps/antwerpen/zen2/rocky8/GCCcore/11.3.0/lib/gcc/x86_64-pc-linux-gnu/]
  ignore line: [LIBRARY_PATH=/apps/antwerpen/zen2/rocky8/UCX/1.12.1-GCCcore-11.3.0/lib/../lib64/:/apps/antwerpen/zen2/rocky8/numactl/2.0.14-GCCcore-11.3.0/lib/../lib64/:/apps/antwerpen/zen2/rocky8/binutils/2.38-GCCcore-11.3.0/lib/../lib64/:/apps/antwerpen/zen2/rocky8/zlib/1.2.12-GCCcore-11.3.0/lib/../lib64/:/apps/antwerpen/zen2/rocky8/GCCcore/11.3.0/lib/gcc/x86_64-pc-linux-gnu/11.3.0/:/apps/antwerpen/zen2/rocky8/GCCcore/11.3.0/lib/gcc/x86_64-pc-linux-gnu/11.3.0/../../../../lib64/:/lib/../lib64/:/usr/lib/../lib64/:/apps/antwerpen/zen2/rocky8/imkl-FFTW/2022.1.0-iimpi-2022a/lib/:/apps/antwerpen/zen2/rocky8/imkl/2022.1.0/mkl/2022.1.0/lib/intel64/:/apps/antwerpen/zen2/rocky8/imkl/2022.1.0/compiler/2022.1.0/linux/compiler/lib/intel64_lin/:/apps/antwerpen/zen2/rocky8/impi/2021.6.0-intel-compilers-2022.1.0/mpi/2021.6.0/libfabric/lib/:/apps/antwerpen/zen2/rocky8/impi/2021.6.0-intel-compilers-2022.1.0/mpi/2021.6.0/lib/release/:/apps/antwerpen/zen2/rocky8/impi/2021.6.0-intel-compilers-2022.1.0/mpi/2021.6.0/lib/:/apps/antwerpen/zen2/rocky8/UCX/1.12.1-GCCcore-11.3.0/lib/:/apps/antwerpen/zen2/rocky8/numactl/2.0.14-GCCcore-11.3.0/lib/:/apps/antwerpen/zen2/rocky8/intel-compilers/2022.1.0/tbb/2021.6.0/lib/intel64/gcc4.8/:/apps/antwerpen/zen2/rocky8/intel-compilers/2022.1.0/compiler/2022.1.0/linux/compiler/lib/intel64_lin/:/apps/antwerpen/zen2/rocky8/intel-compilers/2022.1.0/compiler/2022.1.0/linux/lib/x64/:/apps/antwerpen/zen2/rocky8/intel-compilers/2022.1.0/compiler/2022.1.0/linux/lib/:/apps/antwerpen/zen2/rocky8/binutils/2.38-GCCcore-11.3.0/lib/:/apps/antwerpen/zen2/rocky8/zlib/1.2.12-GCCcore-11.3.0/lib/:/apps/antwerpen/zen2/rocky8/GCCcore/11.3.0/lib/gcc/x86_64-pc-linux-gnu/11.3.0/../../../:/lib/:/usr/lib/]
  ignore line: [COLLECT_GCC_OPTIONS='-fopenmp' '-v' '-std=gnu99' '-o' 'CMakeFiles/cmTC_506bb.dir/OpenMPTryFlag.c.o' '-c' '-mtune=generic' '-march=x86-64' '-pthread' '-dumpdir' 'CMakeFiles/cmTC_506bb.dir/OpenMPTryFlag.c.']
  ignore line: [Linking C executable cmTC_506bb]
  ignore line: [/usr/bin/cmake -E cmake_link_script CMakeFiles/cmTC_506bb.dir/link.txt --verbose=1]
  ignore line: [/apps/antwerpen/zen2/rocky8/GCCcore/11.3.0/bin/cc  -fopenmp -v CMakeFiles/cmTC_506bb.dir/OpenMPTryFlag.c.o -o cmTC_506bb  -v ]
  ignore line: [Using built-in specs.]
  ignore line: [COLLECT_GCC=/apps/antwerpen/zen2/rocky8/GCCcore/11.3.0/bin/cc]
  ignore line: [COLLECT_LTO_WRAPPER=/apps/antwerpen/zen2/rocky8/GCCcore/11.3.0/libexec/gcc/x86_64-pc-linux-gnu/11.3.0/lto-wrapper]
  ignore line: [OFFLOAD_TARGET_NAMES=nvptx-none]
  ignore line: [Target: x86_64-pc-linux-gnu]
  ignore line: [Configured with: ../configure --enable-languages=c,c++,fortran --without-cuda-driver --enable-offload-targets=nvptx-none --enable-lto --enable-checking=release --disable-multilib --enable-shared=yes --enable-static=yes --enable-threads=posix --enable-plugins --enable-gold --enable-ld=default --prefix=/apps/antwerpen/zen2/rocky8/GCCcore/11.3.0 --with-local-prefix=/apps/antwerpen/zen2/rocky8/GCCcore/11.3.0 --enable-bootstrap --with-isl=/dev/shm/vsc20001/GCCcore/11.3.0/system-system/gcc-11.3.0/stage2_stuff --build=x86_64-pc-linux-gnu --host=x86_64-pc-linux-gnu]
  ignore line: [Thread model: posix]
  ignore line: [Supported LTO compression algorithms: zlib]
  ignore line: [gcc version 11.3.0 (GCC) ]
  ignore line: [COMPILER_PATH=/apps/antwerpen/zen2/rocky8/GCCcore/11.3.0/libexec/gcc/x86_64-pc-linux-gnu/11.3.0/:/apps/antwerpen/zen2/rocky8/GCCcore/11.3.0/libexec/gcc/x86_64-pc-linux-gnu/11.3.0/:/apps/antwerpen/zen2/rocky8/GCCcore/11.3.0/libexec/gcc/x86_64-pc-linux-gnu/:/apps/antwerpen/zen2/rocky8/GCCcore/11.3.0/lib/gcc/x86_64-pc-linux-gnu/11.3.0/:/apps/antwerpen/zen2/rocky8/GCCcore/11.3.0/lib/gcc/x86_64-pc-linux-gnu/]
  ignore line: [LIBRARY_PATH=/apps/antwerpen/zen2/rocky8/UCX/1.12.1-GCCcore-11.3.0/lib/../lib64/:/apps/antwerpen/zen2/rocky8/numactl/2.0.14-GCCcore-11.3.0/lib/../lib64/:/apps/antwerpen/zen2/rocky8/binutils/2.38-GCCcore-11.3.0/lib/../lib64/:/apps/antwerpen/zen2/rocky8/zlib/1.2.12-GCCcore-11.3.0/lib/../lib64/:/apps/antwerpen/zen2/rocky8/GCCcore/11.3.0/lib/gcc/x86_64-pc-linux-gnu/11.3.0/:/apps/antwerpen/zen2/rocky8/GCCcore/11.3.0/lib/gcc/x86_64-pc-linux-gnu/11.3.0/../../../../lib64/:/lib/../lib64/:/usr/lib/../lib64/:/apps/antwerpen/zen2/rocky8/imkl-FFTW/2022.1.0-iimpi-2022a/lib/:/apps/antwerpen/zen2/rocky8/imkl/2022.1.0/mkl/2022.1.0/lib/intel64/:/apps/antwerpen/zen2/rocky8/imkl/2022.1.0/compiler/2022.1.0/linux/compiler/lib/intel64_lin/:/apps/antwerpen/zen2/rocky8/impi/2021.6.0-intel-compilers-2022.1.0/mpi/2021.6.0/libfabric/lib/:/apps/antwerpen/zen2/rocky8/impi/2021.6.0-intel-compilers-2022.1.0/mpi/2021.6.0/lib/release/:/apps/antwerpen/zen2/rocky8/impi/2021.6.0-intel-compilers-2022.1.0/mpi/2021.6.0/lib/:/apps/antwerpen/zen2/rocky8/UCX/1.12.1-GCCcore-11.3.0/lib/:/apps/antwerpen/zen2/rocky8/numactl/2.0.14-GCCcore-11.3.0/lib/:/apps/antwerpen/zen2/rocky8/intel-compilers/2022.1.0/tbb/2021.6.0/lib/intel64/gcc4.8/:/apps/antwerpen/zen2/rocky8/intel-compilers/2022.1.0/compiler/2022.1.0/linux/compiler/lib/intel64_lin/:/apps/antwerpen/zen2/rocky8/intel-compilers/2022.1.0/compiler/2022.1.0/linux/lib/x64/:/apps/antwerpen/zen2/rocky8/intel-compilers/2022.1.0/compiler/2022.1.0/linux/lib/:/apps/antwerpen/zen2/rocky8/binutils/2.38-GCCcore-11.3.0/lib/:/apps/antwerpen/zen2/rocky8/zlib/1.2.12-GCCcore-11.3.0/lib/:/apps/antwerpen/zen2/rocky8/GCCcore/11.3.0/lib/gcc/x86_64-pc-linux-gnu/11.3.0/../../../:/lib/:/usr/lib/]
  ignore line: [Reading specs from /apps/antwerpen/zen2/rocky8/GCCcore/11.3.0/lib/gcc/x86_64-pc-linux-gnu/11.3.0/../../../../lib64/libgomp.spec]
  ignore line: [COLLECT_GCC_OPTIONS='-fopenmp' '-v' '-o' 'cmTC_506bb' '-v' '-mtune=generic' '-march=x86-64' '-pthread' '-dumpdir' 'cmTC_506bb.']
  link line: [ /apps/antwerpen/zen2/rocky8/GCCcore/11.3.0/libexec/gcc/x86_64-pc-linux-gnu/11.3.0/collect2 -plugin /apps/antwerpen/zen2/rocky8/GCCcore/11.3.0/libexec/gcc/x86_64-pc-linux-gnu/11.3.0/liblto_plugin.so -plugin-opt=/apps/antwerpen/zen2/rocky8/GCCcore/11.3.0/libexec/gcc/x86_64-pc-linux-gnu/11.3.0/lto-wrapper -plugin-opt=-fresolution=/tmp/cclSOKUK.res -plugin-opt=-pass-through=-lgcc -plugin-opt=-pass-through=-lgcc_s -plugin-opt=-pass-through=-lpthread -plugin-opt=-pass-through=-lc -plugin-opt=-pass-through=-lgcc -plugin-opt=-pass-through=-lgcc_s --eh-frame-hdr -m elf_x86_64 -dynamic-linker /lib64/ld-linux-x86-64.so.2 -o cmTC_506bb /lib/../lib64/crt1.o /lib/../lib64/crti.o /apps/antwerpen/zen2/rocky8/GCCcore/11.3.0/lib/gcc/x86_64-pc-linux-gnu/11.3.0/crtbegin.o /apps/antwerpen/zen2/rocky8/GCCcore/11.3.0/lib/gcc/x86_64-pc-linux-gnu/11.3.0/crtoffloadbegin.o -L/apps/antwerpen/zen2/rocky8/UCX/1.12.1-GCCcore-11.3.0/lib/../lib64 -L/apps/antwerpen/zen2/rocky8/numactl/2.0.14-GCCcore-11.3.0/lib/../lib64 -L/apps/antwerpen/zen2/rocky8/binutils/2.38-GCCcore-11.3.0/lib/../lib64 -L/apps/antwerpen/zen2/rocky8/zlib/1.2.12-GCCcore-11.3.0/lib/../lib64 -L/apps/antwerpen/zen2/rocky8/GCCcore/11.3.0/lib/gcc/x86_64-pc-linux-gnu/11.3.0 -L/apps/antwerpen/zen2/rocky8/GCCcore/11.3.0/lib/gcc/x86_64-pc-linux-gnu/11.3.0/../../../../lib64 -L/lib/../lib64 -L/usr/lib/../lib64 -L/apps/antwerpen/zen2/rocky8/imkl-FFTW/2022.1.0-iimpi-2022a/lib -L/apps/antwerpen/zen2/rocky8/imkl/2022.1.0/mkl/2022.1.0/lib/intel64 -L/apps/antwerpen/zen2/rocky8/imkl/2022.1.0/compiler/2022.1.0/linux/compiler/lib/intel64_lin -L/apps/antwerpen/zen2/rocky8/impi/2021.6.0-intel-compilers-2022.1.0/mpi/2021.6.0/libfabric/lib -L/apps/antwerpen/zen2/rocky8/impi/2021.6.0-intel-compilers-2022.1.0/mpi/2021.6.0/lib/release -L/apps/antwerpen/zen2/rocky8/impi/2021.6.0-intel-compilers-2022.1.0/mpi/2021.6.0/lib -L/apps/antwerpen/zen2/rocky8/UCX/1.12.1-GCCcore-11.3.0/lib -L/apps/antwerpen/zen2/rocky8/numactl/2.0.14-GCCcore-11.3.0/lib -L/apps/antwerpen/zen2/rocky8/intel-compilers/2022.1.0/tbb/2021.6.0/lib/intel64/gcc4.8 -L/apps/antwerpen/zen2/rocky8/intel-compilers/2022.1.0/compiler/2022.1.0/linux/compiler/lib/intel64_lin -L/apps/antwerpen/zen2/rocky8/intel-compilers/2022.1.0/compiler/2022.1.0/linux/lib/x64 -L/apps/antwerpen/zen2/rocky8/intel-compilers/2022.1.0/compiler/2022.1.0/linux/lib -L/apps/antwerpen/zen2/rocky8/binutils/2.38-GCCcore-11.3.0/lib -L/apps/antwerpen/zen2/rocky8/zlib/1.2.12-GCCcore-11.3.0/lib -L/apps/antwerpen/zen2/rocky8/GCCcore/11.3.0/lib/gcc/x86_64-pc-linux-gnu/11.3.0/../../.. CMakeFiles/cmTC_506bb.dir/OpenMPTryFlag.c.o -lgomp -lgcc --push-state --as-needed -lgcc_s --pop-state -lpthread -lc -lgcc --push-state --as-needed -lgcc_s --pop-state /apps/antwerpen/zen2/rocky8/GCCcore/11.3.0/lib/gcc/x86_64-pc-linux-gnu/11.3.0/crtend.o /lib/../lib64/crtn.o /apps/antwerpen/zen2/rocky8/GCCcore/11.3.0/lib/gcc/x86_64-pc-linux-gnu/11.3.0/crtoffloadend.o]
    arg [/apps/antwerpen/zen2/rocky8/GCCcore/11.3.0/libexec/gcc/x86_64-pc-linux-gnu/11.3.0/collect2] ==> ignore
    arg [-plugin] ==> ignore
    arg [/apps/antwerpen/zen2/rocky8/GCCcore/11.3.0/libexec/gcc/x86_64-pc-linux-gnu/11.3.0/liblto_plugin.so] ==> ignore
    arg [-plugin-opt=/apps/antwerpen/zen2/rocky8/GCCcore/11.3.0/libexec/gcc/x86_64-pc-linux-gnu/11.3.0/lto-wrapper] ==> ignore
    arg [-plugin-opt=-fresolution=/tmp/cclSOKUK.res] ==> ignore
    arg [-plugin-opt=-pass-through=-lgcc] ==> ignore
    arg [-plugin-opt=-pass-through=-lgcc_s] ==> ignore
    arg [-plugin-opt=-pass-through=-lpthread] ==> ignore
    arg [-plugin-opt=-pass-through=-lc] ==> ignore
    arg [-plugin-opt=-pass-through=-lgcc] ==> ignore
    arg [-plugin-opt=-pass-through=-lgcc_s] ==> ignore
    arg [--eh-frame-hdr] ==> ignore
    arg [-m] ==> ignore
    arg [elf_x86_64] ==> ignore
    arg [-dynamic-linker] ==> ignore
    arg [/lib64/ld-linux-x86-64.so.2] ==> ignore
    arg [-o] ==> ignore
    arg [cmTC_506bb] ==> ignore
    arg [-L/apps/antwerpen/zen2/rocky8/UCX/1.12.1-GCCcore-11.3.0/lib/../lib64] ==> dir [/apps/antwerpen/zen2/rocky8/UCX/1.12.1-GCCcore-11.3.0/lib/../lib64]
    arg [-L/apps/antwerpen/zen2/rocky8/numactl/2.0.14-GCCcore-11.3.0/lib/../lib64] ==> dir [/apps/antwerpen/zen2/rocky8/numactl/2.0.14-GCCcore-11.3.0/lib/../lib64]
    arg [-L/apps/antwerpen/zen2/rocky8/binutils/2.38-GCCcore-11.3.0/lib/../lib64] ==> dir [/apps/antwerpen/zen2/rocky8/binutils/2.38-GCCcore-11.3.0/lib/../lib64]
    arg [-L/apps/antwerpen/zen2/rocky8/zlib/1.2.12-GCCcore-11.3.0/lib/../lib64] ==> dir [/apps/antwerpen/zen2/rocky8/zlib/1.2.12-GCCcore-11.3.0/lib/../lib64]
    arg [-L/apps/antwerpen/zen2/rocky8/GCCcore/11.3.0/lib/gcc/x86_64-pc-linux-gnu/11.3.0] ==> dir [/apps/antwerpen/zen2/rocky8/GCCcore/11.3.0/lib/gcc/x86_64-pc-linux-gnu/11.3.0]
    arg [-L/apps/antwerpen/zen2/rocky8/GCCcore/11.3.0/lib/gcc/x86_64-pc-linux-gnu/11.3.0/../../../../lib64] ==> dir [/apps/antwerpen/zen2/rocky8/GCCcore/11.3.0/lib/gcc/x86_64-pc-linux-gnu/11.3.0/../../../../lib64]
    arg [-L/lib/../lib64] ==> dir [/lib/../lib64]
    arg [-L/usr/lib/../lib64] ==> dir [/usr/lib/../lib64]
    arg [-L/apps/antwerpen/zen2/rocky8/imkl-FFTW/2022.1.0-iimpi-2022a/lib] ==> dir [/apps/antwerpen/zen2/rocky8/imkl-FFTW/2022.1.0-iimpi-2022a/lib]
    arg [-L/apps/antwerpen/zen2/rocky8/imkl/2022.1.0/mkl/2022.1.0/lib/intel64] ==> dir [/apps/antwerpen/zen2/rocky8/imkl/2022.1.0/mkl/2022.1.0/lib/intel64]
    arg [-L/apps/antwerpen/zen2/rocky8/imkl/2022.1.0/compiler/2022.1.0/linux/compiler/lib/intel64_lin] ==> dir [/apps/antwerpen/zen2/rocky8/imkl/2022.1.0/compiler/2022.1.0/linux/compiler/lib/intel64_lin]
    arg [-L/apps/antwerpen/zen2/rocky8/impi/2021.6.0-intel-compilers-2022.1.0/mpi/2021.6.0/libfabric/lib] ==> dir [/apps/antwerpen/zen2/rocky8/impi/2021.6.0-intel-compilers-2022.1.0/mpi/2021.6.0/libfabric/lib]
    arg [-L/apps/antwerpen/zen2/rocky8/impi/2021.6.0-intel-compilers-2022.1.0/mpi/2021.6.0/lib/release] ==> dir [/apps/antwerpen/zen2/rocky8/impi/2021.6.0-intel-compilers-2022.1.0/mpi/2021.6.0/lib/release]
    arg [-L/apps/antwerpen/zen2/rocky8/impi/2021.6.0-intel-compilers-2022.1.0/mpi/2021.6.0/lib] ==> dir [/apps/antwerpen/zen2/rocky8/impi/2021.6.0-intel-compilers-2022.1.0/mpi/2021.6.0/lib]
    arg [-L/apps/antwerpen/zen2/rocky8/UCX/1.12.1-GCCcore-11.3.0/lib] ==> dir [/apps/antwerpen/zen2/rocky8/UCX/1.12.1-GCCcore-11.3.0/lib]
    arg [-L/apps/antwerpen/zen2/rocky8/numactl/2.0.14-GCCcore-11.3.0/lib] ==> dir [/apps/antwerpen/zen2/rocky8/numactl/2.0.14-GCCcore-11.3.0/lib]
    arg [-L/apps/antwerpen/zen2/rocky8/intel-compilers/2022.1.0/tbb/2021.6.0/lib/intel64/gcc4.8] ==> dir [/apps/antwerpen/zen2/rocky8/intel-compilers/2022.1.0/tbb/2021.6.0/lib/intel64/gcc4.8]
    arg [-L/apps/antwerpen/zen2/rocky8/intel-compilers/2022.1.0/compiler/2022.1.0/linux/compiler/lib/intel64_lin] ==> dir [/apps/antwerpen/zen2/rocky8/intel-compilers/2022.1.0/compiler/2022.1.0/linux/compiler/lib/intel64_lin]
    arg [-L/apps/antwerpen/zen2/rocky8/intel-compilers/2022.1.0/compiler/2022.1.0/linux/lib/x64] ==> dir [/apps/antwerpen/zen2/rocky8/intel-compilers/2022.1.0/compiler/2022.1.0/linux/lib/x64]
    arg [-L/apps/antwerpen/zen2/rocky8/intel-compilers/2022.1.0/compiler/2022.1.0/linux/lib] ==> dir [/apps/antwerpen/zen2/rocky8/intel-compilers/2022.1.0/compiler/2022.1.0/linux/lib]
    arg [-L/apps/antwerpen/zen2/rocky8/binutils/2.38-GCCcore-11.3.0/lib] ==> dir [/apps/antwerpen/zen2/rocky8/binutils/2.38-GCCcore-11.3.0/lib]
    arg [-L/apps/antwerpen/zen2/rocky8/zlib/1.2.12-GCCcore-11.3.0/lib] ==> dir [/apps/antwerpen/zen2/rocky8/zlib/1.2.12-GCCcore-11.3.0/lib]
    arg [-L/apps/antwerpen/zen2/rocky8/GCCcore/11.3.0/lib/gcc/x86_64-pc-linux-gnu/11.3.0/../../..] ==> dir [/apps/antwerpen/zen2/rocky8/GCCcore/11.3.0/lib/gcc/x86_64-pc-linux-gnu/11.3.0/../../..]
    arg [CMakeFiles/cmTC_506bb.dir/OpenMPTryFlag.c.o] ==> ignore
    arg [-lgomp] ==> lib [gomp]
    arg [-lgcc] ==> lib [gcc]
    arg [--push-state] ==> ignore
    arg [--as-needed] ==> ignore
    arg [-lgcc_s] ==> lib [gcc_s]
    arg [--pop-state] ==> ignore
    arg [-lpthread] ==> lib [pthread]
    arg [-lc] ==> lib [c]
    arg [-lgcc] ==> lib [gcc]
    arg [--push-state] ==> ignore
    arg [--as-needed] ==> ignore
    arg [-lgcc_s] ==> lib [gcc_s]
    arg [--pop-state] ==> ignore
  collapse library dir [/apps/antwerpen/zen2/rocky8/UCX/1.12.1-GCCcore-11.3.0/lib/../lib64] ==> [/apps/antwerpen/zen2/rocky8/UCX/1.12.1-GCCcore-11.3.0/lib64]
  collapse library dir [/apps/antwerpen/zen2/rocky8/numactl/2.0.14-GCCcore-11.3.0/lib/../lib64] ==> [/apps/antwerpen/zen2/rocky8/numactl/2.0.14-GCCcore-11.3.0/lib64]
  collapse library dir [/apps/antwerpen/zen2/rocky8/binutils/2.38-GCCcore-11.3.0/lib/../lib64] ==> [/apps/antwerpen/zen2/rocky8/binutils/2.38-GCCcore-11.3.0/lib64]
  collapse library dir [/apps/antwerpen/zen2/rocky8/zlib/1.2.12-GCCcore-11.3.0/lib/../lib64] ==> [/apps/antwerpen/zen2/rocky8/zlib/1.2.12-GCCcore-11.3.0/lib64]
  collapse library dir [/apps/antwerpen/zen2/rocky8/GCCcore/11.3.0/lib/gcc/x86_64-pc-linux-gnu/11.3.0] ==> [/apps/antwerpen/zen2/rocky8/GCCcore/11.3.0/lib/gcc/x86_64-pc-linux-gnu/11.3.0]
  collapse library dir [/apps/antwerpen/zen2/rocky8/GCCcore/11.3.0/lib/gcc/x86_64-pc-linux-gnu/11.3.0/../../../../lib64] ==> [/apps/antwerpen/zen2/rocky8/GCCcore/11.3.0/lib64]
  collapse library dir [/lib/../lib64] ==> [/lib64]
  collapse library dir [/usr/lib/../lib64] ==> [/usr/lib64]
  collapse library dir [/apps/antwerpen/zen2/rocky8/imkl-FFTW/2022.1.0-iimpi-2022a/lib] ==> [/apps/antwerpen/zen2/rocky8/imkl-FFTW/2022.1.0-iimpi-2022a/lib]
  collapse library dir [/apps/antwerpen/zen2/rocky8/imkl/2022.1.0/mkl/2022.1.0/lib/intel64] ==> [/apps/antwerpen/zen2/rocky8/imkl/2022.1.0/mkl/2022.1.0/lib/intel64]
  collapse library dir [/apps/antwerpen/zen2/rocky8/imkl/2022.1.0/compiler/2022.1.0/linux/compiler/lib/intel64_lin] ==> [/apps/antwerpen/zen2/rocky8/imkl/2022.1.0/compiler/2022.1.0/linux/compiler/lib/intel64_lin]
  collapse library dir [/apps/antwerpen/zen2/rocky8/impi/2021.6.0-intel-compilers-2022.1.0/mpi/2021.6.0/libfabric/lib] ==> [/apps/antwerpen/zen2/rocky8/impi/2021.6.0-intel-compilers-2022.1.0/mpi/2021.6.0/libfabric/lib]
  collapse library dir [/apps/antwerpen/zen2/rocky8/impi/2021.6.0-intel-compilers-2022.1.0/mpi/2021.6.0/lib/release] ==> [/apps/antwerpen/zen2/rocky8/impi/2021.6.0-intel-compilers-2022.1.0/mpi/2021.6.0/lib/release]
  collapse library dir [/apps/antwerpen/zen2/rocky8/impi/2021.6.0-intel-compilers-2022.1.0/mpi/2021.6.0/lib] ==> [/apps/antwerpen/zen2/rocky8/impi/2021.6.0-intel-compilers-2022.1.0/mpi/2021.6.0/lib]
  collapse library dir [/apps/antwerpen/zen2/rocky8/UCX/1.12.1-GCCcore-11.3.0/lib] ==> [/apps/antwerpen/zen2/rocky8/UCX/1.12.1-GCCcore-11.3.0/lib]
  collapse library dir [/apps/antwerpen/zen2/rocky8/numactl/2.0.14-GCCcore-11.3.0/lib] ==> [/apps/antwerpen/zen2/rocky8/numactl/2.0.14-GCCcore-11.3.0/lib]
  collapse library dir [/apps/antwerpen/zen2/rocky8/intel-compilers/2022.1.0/tbb/2021.6.0/lib/intel64/gcc4.8] ==> [/apps/antwerpen/zen2/rocky8/intel-compilers/2022.1.0/tbb/2021.6.0/lib/intel64/gcc4.8]
  collapse library dir [/apps/antwerpen/zen2/rocky8/intel-compilers/2022.1.0/compiler/2022.1.0/linux/compiler/lib/intel64_lin] ==> [/apps/antwerpen/zen2/rocky8/intel-compilers/2022.1.0/compiler/2022.1.0/linux/compiler/lib/intel64_lin]
  collapse library dir [/apps/antwerpen/zen2/rocky8/intel-compilers/2022.1.0/compiler/2022.1.0/linux/lib/x64] ==> [/apps/antwerpen/zen2/rocky8/intel-compilers/2022.1.0/compiler/2022.1.0/linux/lib/x64]
  collapse library dir [/apps/antwerpen/zen2/rocky8/intel-compilers/2022.1.0/compiler/2022.1.0/linux/lib] ==> [/apps/antwerpen/zen2/rocky8/intel-compilers/2022.1.0/compiler/2022.1.0/linux/lib]
  collapse library dir [/apps/antwerpen/zen2/rocky8/binutils/2.38-GCCcore-11.3.0/lib] ==> [/apps/antwerpen/zen2/rocky8/binutils/2.38-GCCcore-11.3.0/lib]
  collapse library dir [/apps/antwerpen/zen2/rocky8/zlib/1.2.12-GCCcore-11.3.0/lib] ==> [/apps/antwerpen/zen2/rocky8/zlib/1.2.12-GCCcore-11.3.0/lib]
  collapse library dir [/apps/antwerpen/zen2/rocky8/GCCcore/11.3.0/lib/gcc/x86_64-pc-linux-gnu/11.3.0/../../..] ==> [/apps/antwerpen/zen2/rocky8/GCCcore/11.3.0/lib]
  implicit libs: [gomp;gcc;gcc_s;pthread;c;gcc;gcc_s]
  implicit objs: []
  implicit dirs: [/apps/antwerpen/zen2/rocky8/UCX/1.12.1-GCCcore-11.3.0/lib64;/apps/antwerpen/zen2/rocky8/numactl/2.0.14-GCCcore-11.3.0/lib64;/apps/antwerpen/zen2/rocky8/binutils/2.38-GCCcore-11.3.0/lib64;/apps/antwerpen/zen2/rocky8/zlib/1.2.12-GCCcore-11.3.0/lib64;/apps/antwerpen/zen2/rocky8/GCCcore/11.3.0/lib/gcc/x86_64-pc-linux-gnu/11.3.0;/apps/antwerpen/zen2/rocky8/GCCcore/11.3.0/lib64;/lib64;/usr/lib64;/apps/antwerpen/zen2/rocky8/imkl-FFTW/2022.1.0-iimpi-2022a/lib;/apps/antwerpen/zen2/rocky8/imkl/2022.1.0/mkl/2022.1.0/lib/intel64;/apps/antwerpen/zen2/rocky8/imkl/2022.1.0/compiler/2022.1.0/linux/compiler/lib/intel64_lin;/apps/antwerpen/zen2/rocky8/impi/2021.6.0-intel-compilers-2022.1.0/mpi/2021.6.0/libfabric/lib;/apps/antwerpen/zen2/rocky8/impi/2021.6.0-intel-compilers-2022.1.0/mpi/2021.6.0/lib/release;/apps/antwerpen/zen2/rocky8/impi/2021.6.0-intel-compilers-2022.1.0/mpi/2021.6.0/lib;/apps/antwerpen/zen2/rocky8/UCX/1.12.1-GCCcore-11.3.0/lib;/apps/antwerpen/zen2/rocky8/numactl/2.0.14-GCCcore-11.3.0/lib;/apps/antwerpen/zen2/rocky8/intel-compilers/2022.1.0/tbb/2021.6.0/lib/intel64/gcc4.8;/apps/antwerpen/zen2/rocky8/intel-compilers/2022.1.0/compiler/2022.1.0/linux/compiler/lib/intel64_lin;/apps/antwerpen/zen2/rocky8/intel-compilers/2022.1.0/compiler/2022.1.0/linux/lib/x64;/apps/antwerpen/zen2/rocky8/intel-compilers/2022.1.0/compiler/2022.1.0/linux/lib;/apps/antwerpen/zen2/rocky8/binutils/2.38-GCCcore-11.3.0/lib;/apps/antwerpen/zen2/rocky8/zlib/1.2.12-GCCcore-11.3.0/lib;/apps/antwerpen/zen2/rocky8/GCCcore/11.3.0/lib]
  implicit fwks: []


